0 -0.289 -0.164  0.001 -0.001 -0.000  0.002 -0.002 -0.001  0.000  0.001 -0.000  0.000 -0.000 -0.000 -0.000  0.000 -25.000  20.000  0.000  50.000 -0.000  0.000 -0.000
0.01 -0.289 -0.164  0.001 -0.006 -0.003  0.011 -0.010 -0.003  0.003  0.006 -0.000  0.001 -0.002 -0.000 -0.000  0.000 -25.000  20.000  0.000  50.000 -0.000  0.000 -0.000
0.02 -0.289 -0.164  0.001 -0.019 -0.008  0.036 -0.035 -0.011  0.010  0.019 -0.001  0.003 -0.006 -0.000 -0.000  0.000 -25.000  20.000  0.000  50.000 -0.000  0.000 -0.000
0.03 -0.289 -0.164  0.001 -0.042 -0.019  0.082 -0.080 -0.026  0.022  0.044 -0.003  0.008 -0.013 -0.000 -0.000  0.001 -25.001  20.000  0.000  50.000 -0.000  0.000 -0.000
0.04 -0.289 -0.164  0.001 -0.075 -0.033  0.152 -0.148 -0.046  0.040  0.081 -0.006  0.014 -0.024 -0.001 -0.000  0.002 -25.002  19.999  0.001  50.001 -0.000  0.000 -0.000
0.05 -0.289 -0.164  0.001 -0.116 -0.051  0.243 -0.235 -0.072  0.063  0.127 -0.010  0.022 -0.037 -0.002 -0.001  0.004 -25.004  19.999  0.001  50.002 -0.000  0.000 -0.001
0.06 -0.289 -0.164  0.001 -0.162 -0.071  0.353 -0.340 -0.102  0.089  0.181 -0.014  0.030 -0.053 -0.003 -0.001  0.007 -25.007  19.998  0.002  50.004 -0.000  0.001 -0.001
0.07 -0.289 -0.164  0.001 -0.211 -0.093  0.480 -0.461 -0.133  0.118  0.242 -0.018  0.039 -0.071 -0.005 -0.002  0.011 -25.011  19.997  0.003  50.006 -0.000  0.001 -0.002
0.08 -0.289 -0.164  0.001 -0.263 -0.115  0.622 -0.597 -0.166  0.150  0.309 -0.023  0.048 -0.090 -0.008 -0.003  0.017 -25.016  19.995  0.004  50.009 -0.001  0.001 -0.003
0.09 -0.289 -0.164  0.001 -0.317 -0.138  0.779 -0.748 -0.199  0.182  0.382 -0.028  0.058 -0.110 -0.011 -0.005  0.024 -25.023  19.993  0.006  50.012 -0.001  0.002 -0.004
0.1 -0.289 -0.164  0.001 -0.371 -0.162  0.949 -0.911 -0.232  0.217  0.459 -0.034  0.067 -0.132 -0.014 -0.006  0.032 -25.031  19.991  0.008  50.016 -0.001  0.003 -0.005
0.11 -0.289 -0.164  0.001 -0.426 -0.186  1.131 -1.087 -0.265  0.252  0.540 -0.040  0.075 -0.155 -0.018 -0.008  0.043 -25.041  19.989  0.010  50.021 -0.002  0.003 -0.006
0.12 -0.289 -0.163  0.001 -0.481 -0.210  1.325 -1.274 -0.297  0.287  0.625 -0.046  0.083 -0.178 -0.023 -0.010  0.055 -25.053  19.986  0.013  50.027 -0.002  0.004 -0.008
0.13 -0.290 -0.163  0.001 -0.535 -0.233  1.530 -1.472 -0.327  0.323  0.713 -0.052  0.091 -0.202 -0.028 -0.012  0.069 -25.067  19.983  0.016  50.034 -0.002  0.005 -0.010
0.14 -0.290 -0.163  0.002 -0.588 -0.256  1.743 -1.679 -0.356  0.359  0.804 -0.058  0.098 -0.227 -0.033 -0.015  0.086 -25.082  19.979  0.019  50.041 -0.003  0.006 -0.012
0.15 -0.290 -0.163  0.002 -0.639 -0.279  1.965 -1.895 -0.383  0.395  0.896 -0.064  0.104 -0.252 -0.039 -0.017  0.104 -25.100  19.976  0.023  50.050 -0.004  0.007 -0.014
0.16 -0.290 -0.163  0.002 -0.689 -0.300  2.195 -2.118 -0.408  0.430  0.990 -0.071  0.110 -0.277 -0.046 -0.020  0.125 -25.120  19.972  0.027  50.059 -0.004  0.008 -0.017
0.17 -0.290 -0.163  0.002 -0.631 -0.254  4.572 -4.327 -0.404  0.641  1.699 -0.112  0.061 -0.439 -0.053 -0.023  0.159 -25.153  19.968  0.033  50.073 -0.005  0.009 -0.020
0.18 -0.290 -0.163  0.002 -0.473 -0.209  2.471 -2.434 -0.193  0.342  0.999 -0.067  0.035 -0.263 -0.058 -0.025  0.194 -25.186  19.965  0.038  50.086 -0.006  0.009 -0.024
0.19 -0.291 -0.162  0.002 -0.445 -0.204  2.115 -2.133 -0.133  0.279  0.884 -0.060  0.025 -0.234 -0.063 -0.027  0.217 -25.209  19.963  0.041  50.096 -0.007  0.010 -0.026
0.2 -0.291 -0.162  0.003 -0.438 -0.187  4.982 -4.849 -0.106  0.526  1.779 -0.113 -0.036 -0.442 -0.067 -0.029  0.252 -25.244  19.962  0.045  50.109 -0.008  0.010 -0.030
0.21 -0.291 -0.162  0.003  2.621  1.107  7.037 -7.385  2.723 -0.802  1.280 -0.029 -0.997 -0.110 -0.056 -0.025  0.313 -25.305  19.975  0.043  50.124 -0.008  0.004 -0.033
0.22 -0.291 -0.162  0.003 -0.024 -0.024  2.837 -2.886  0.247  0.141  0.950 -0.056 -0.114 -0.220 -0.043 -0.019  0.362 -25.357  19.990  0.040  50.135 -0.009 -0.001 -0.034
0.23 -0.292 -0.161  0.003 -0.881 -0.385  4.407 -4.224 -0.505  0.689  1.765 -0.120  0.106 -0.470 -0.048 -0.021  0.398 -25.392  19.989  0.044  50.149 -0.010 -0.001 -0.038
0.24 -0.292 -0.161  0.004 -1.274 -0.562  5.113 -4.908 -0.750  0.892  2.157 -0.150  0.181 -0.587 -0.059 -0.026  0.446 -25.438  19.982  0.052  50.169 -0.011  0.000 -0.043
0.25 -0.292 -0.161  0.004 -0.407 -0.208  5.426 -5.413  0.096  0.469  1.940 -0.122 -0.098 -0.475 -0.067 -0.030  0.498 -25.489  19.979  0.059  50.189 -0.012  0.001 -0.048
0.26 -0.292 -0.160  0.004 -0.087 -0.069  5.314 -5.295  0.296  0.346  1.765 -0.106 -0.168 -0.413 -0.069 -0.031  0.552 -25.543  19.981  0.063  50.208 -0.014 -0.001 -0.053
0.27 -0.293 -0.160  0.005  1.533  0.594  6.469 -6.711  1.797 -0.353  1.528 -0.063 -0.678 -0.243 -0.062 -0.029  0.611 -25.603  19.991  0.063  50.224 -0.014 -0.005 -0.056
0.28 -0.293 -0.160  0.005  0.011 -0.036  6.072 -6.034  0.397  0.362  1.965 -0.116 -0.215 -0.452 -0.054 -0.026  0.674 -25.667  20.002  0.063  50.241 -0.015 -0.009 -0.060
0.29 -0.294 -0.159  0.005 -1.339 -0.606  5.668 -5.453 -0.759  0.952  2.358 -0.163  0.176 -0.637 -0.061 -0.029  0.732 -25.724  20.001  0.069  50.263 -0.017 -0.010 -0.065
0.3 -0.294 -0.159  0.006  0.356  0.059  6.920 -7.112  0.973  0.148  2.160 -0.120 -0.400 -0.469 -0.066 -0.032  0.795 -25.787  20.002  0.075  50.286 -0.018 -0.011 -0.070
0.31 -0.294 -0.159  0.006 -0.994 -0.475  6.279 -6.088 -0.455  0.847  2.422 -0.160  0.064 -0.627 -0.069 -0.034  0.861 -25.853  20.004  0.080  50.309 -0.019 -0.012 -0.076
0.32 -0.295 -0.158  0.007  0.791  0.239  7.607 -7.664  1.142  0.108  2.166 -0.114 -0.485 -0.442 -0.070 -0.035  0.931 -25.922  20.008  0.085  50.332 -0.021 -0.014 -0.081
0.33 -0.295 -0.158  0.007 -0.529 -0.282  7.102 -6.865 -0.150  0.746  2.457 -0.154 -0.059 -0.603 -0.069 -0.035  1.004 -25.994  20.013  0.089  50.355 -0.022 -0.017 -0.087
0.34 -0.296 -0.157  0.007 -1.549 -0.772  6.558 -6.695 -0.400  0.875  2.823 -0.192  0.081 -0.752 -0.079 -0.040  1.073 -26.062  20.010  0.097  50.381 -0.024 -0.017 -0.093
0.35 -0.296 -0.157  0.008  0.002 -0.078  8.002 -7.644  0.124  0.676  2.515 -0.149 -0.182 -0.581 -0.087 -0.045  1.145 -26.134  20.009  0.105  50.408 -0.026 -0.018 -0.100
0.36 -0.297 -0.156  0.008 -0.724 -0.461  7.548 -7.779  0.343  0.568  2.829 -0.178 -0.182 -0.694 -0.091 -0.047  1.223 -26.211  20.011  0.111  50.434 -0.027 -0.019 -0.106
0.37 -0.297 -0.156  0.009  0.697  0.165  8.850 -8.616  0.791  0.400  2.538 -0.138 -0.414 -0.536 -0.091 -0.049  1.305 -26.293  20.017  0.116  50.461 -0.029 -0.022 -0.112
0.38 -0.297 -0.155  0.009 -0.594 -0.427  8.080 -8.273  0.423  0.574  2.940 -0.182 -0.222 -0.710 -0.090 -0.050  1.390 -26.377  20.023  0.121  50.489 -0.030 -0.026 -0.119
0.39 -0.298 -0.155  0.010  1.218  0.314  9.559 -9.535  1.443  0.127  2.611 -0.132 -0.629 -0.513 -0.087 -0.051  1.478 -26.466  20.032  0.124  50.516 -0.032 -0.030 -0.125
0.4 -0.299 -0.154  0.010 -0.638 -0.461  8.516 -8.602  0.296  0.681  3.074 -0.191 -0.196 -0.744 -0.084 -0.051  1.568 -26.557  20.041  0.128  50.545 -0.034 -0.034 -0.131
0.41 -0.299 -0.154  0.011  1.261  0.266  9.942 -10.088  1.712  0.033  2.765 -0.140 -0.708 -0.541 -0.081 -0.052  1.661 -26.651  20.051  0.132  50.574 -0.035 -0.038 -0.138
0.42 -0.300 -0.153  0.011 -0.450 -0.427  9.042 -9.100  0.458  0.650  3.185 -0.194 -0.262 -0.756 -0.077 -0.053  1.756 -26.747  20.061  0.135  50.604 -0.037 -0.043 -0.144
0.43 -0.300 -0.153  0.012  0.547 -0.013  9.968 -9.729  0.755  0.537  2.963 -0.164 -0.418 -0.640 -0.077 -0.055  1.851 -26.841  20.068  0.141  50.635 -0.039 -0.047 -0.151
0.44 -0.301 -0.152  0.012 -0.929 -0.652  9.046 -9.216  0.257  0.768  3.383 -0.213 -0.179 -0.831 -0.078 -0.059  1.946 -26.935  20.073  0.148  50.666 -0.041 -0.050 -0.158
0.45 -0.301 -0.152  0.013  1.194  0.169  10.667 -10.653  1.508  0.206  2.981 -0.154 -0.666 -0.595 -0.077 -0.061  2.044 -27.035  20.081  0.153  50.698 -0.042 -0.054 -0.165
0.46 -0.302 -0.151  0.014 -0.022 -0.363  9.942 -10.278  1.146  0.379  3.355 -0.195 -0.483 -0.758 -0.071 -0.062  2.147 -27.139  20.095  0.156  50.730 -0.044 -0.060 -0.172
0.47 -0.302 -0.150  0.014  0.353 -0.161  10.562 -10.180  0.497  0.733  3.202 -0.181 -0.353 -0.707 -0.070 -0.065  2.250 -27.242  20.103  0.161  50.763 -0.046 -0.064 -0.180
0.48 -0.303 -0.150  0.015 -0.153 -0.459  10.156 -10.545  1.131  0.413  3.478 -0.204 -0.475 -0.793 -0.069 -0.068  2.354 -27.345  20.111  0.167  50.796 -0.048 -0.068 -0.187
0.49 -0.304 -0.149  0.015  1.300  0.121  11.408 -11.235  1.422  0.318  3.140 -0.161 -0.666 -0.623 -0.063 -0.070  2.461 -27.454  20.124  0.171  50.829 -0.050 -0.074 -0.194
0.5 -0.304 -0.149  0.016  0.427 -0.296  10.808 -11.244  1.628  0.207  3.472 -0.193 -0.652 -0.749 -0.054 -0.070  2.572 -27.567  20.139  0.173  50.862 -0.052 -0.080 -0.201
0.51 -0.305 -0.148  0.017  1.372  0.087  11.730 -11.565  1.500  0.312  3.223 -0.164 -0.698 -0.635 -0.045 -0.072  2.685 -27.681  20.155  0.176  50.896 -0.053 -0.087 -0.208
0.52 -0.306 -0.147  0.017  0.373 -0.368  11.044 -11.476  1.612  0.243  3.569 -0.199 -0.650 -0.773 -0.037 -0.073  2.799 -27.796  20.170  0.179  50.930 -0.055 -0.094 -0.215
0.53 -0.306 -0.147  0.018  1.546  0.081  12.070 -11.967  1.712  0.235  3.276 -0.164 -0.770 -0.632 -0.027 -0.074  2.915 -27.913  20.187  0.181  50.964 -0.057 -0.101 -0.222
0.54 -0.307 -0.146  0.019  0.692 -0.314  11.472 -11.941  1.908  0.127  3.588 -0.194 -0.755 -0.753 -0.016 -0.076  3.032 -28.033  20.205  0.183  50.998 -0.059 -0.109 -0.229
0.55 -0.308 -0.145  0.019  1.585  0.031  12.319 -12.197  1.731  0.252  3.336 -0.166 -0.782 -0.642 -0.004 -0.077  3.151 -28.153  20.223  0.185  51.033 -0.061 -0.116 -0.236
0.56 -0.308 -0.145  0.020  0.790 -0.341  11.742 -12.234  2.025  0.094  3.638 -0.195 -0.796 -0.755  0.007 -0.078  3.272 -28.275  20.242  0.186  51.068 -0.062 -0.124 -0.243
0.57 -0.309 -0.144  0.021  1.830  0.042  12.655 -12.594  1.986  0.151  3.359 -0.163 -0.869 -0.627  0.021 -0.080  3.394 -28.400  20.262  0.188  51.103 -0.064 -0.132 -0.250
0.58 -0.310 -0.143  0.021  1.110 -0.297  12.127 -12.648  2.308 -0.020  3.641 -0.189 -0.897 -0.731  0.035 -0.081  3.517 -28.526  20.283  0.188  51.138 -0.066 -0.141 -0.257
0.59 -0.310 -0.143  0.022  1.983  0.019  12.918 -12.885  2.138  0.099  3.390 -0.161 -0.923 -0.621  0.051 -0.083  3.643 -28.653  20.306  0.189  51.173 -0.068 -0.150 -0.263
0.6 -0.311 -0.142  0.023  1.254 -0.316  12.381 -12.916  2.446 -0.067  3.666 -0.188 -0.946 -0.724  0.067 -0.084  3.769 -28.782  20.329  0.189  51.208 -0.069 -0.160 -0.270
0.61 -0.312 -0.141  0.023  2.173  0.002  13.171 -13.194  2.347  0.016  3.406 -0.159 -0.993 -0.608  0.084 -0.086  3.897 -28.913  20.353  0.189  51.243 -0.071 -0.169 -0.277
0.62 -0.312 -0.141  0.024  1.536 -0.295  12.694 -13.250  2.686 -0.165  3.658 -0.182 -1.031 -0.699  0.103 -0.087  4.026 -29.045  20.378  0.188  51.279 -0.073 -0.179 -0.283
0.63 -0.313 -0.140  0.025  2.347 -0.023  13.395 -13.461  2.530 -0.056  3.419 -0.156 -1.054 -0.596  0.122 -0.089  4.157 -29.179  20.404  0.187  51.314 -0.075 -0.190 -0.290
0.64 -0.314 -0.139  0.025  1.705 -0.314  12.918 -13.485  2.836 -0.222  3.662 -0.179 -1.084 -0.686  0.142 -0.090  4.288 -29.314  20.431  0.185  51.349 -0.076 -0.201 -0.296
0.65 -0.314 -0.138  0.026  2.513 -0.055  13.589 -13.710  2.720 -0.134  3.425 -0.153 -1.116 -0.582  0.163 -0.092  4.421 -29.450  20.458  0.184  51.385 -0.078 -0.212 -0.302
0.66 -0.315 -0.138  0.027  1.973 -0.306  13.181 -13.759  3.052 -0.311  3.639 -0.172 -1.160 -0.659  0.186 -0.094  4.555 -29.587  20.487  0.181  51.420 -0.080 -0.223 -0.309
0.67 -0.316 -0.137  0.028  2.713 -0.081  13.778 -13.967  2.948 -0.232  3.421 -0.148 -1.190 -0.564  0.209 -0.096  4.689 -29.725  20.517  0.179  51.456 -0.081 -0.235 -0.315
0.68 -0.317 -0.136  0.028  2.195 -0.317  13.399 -13.978  3.226 -0.383  3.619 -0.167 -1.222 -0.636  0.234 -0.098  4.825 -29.865  20.548  0.176  51.491 -0.083 -0.247 -0.321
0.69 -0.317 -0.136  0.029  2.855 -0.128  13.915 -14.164  3.128 -0.309  3.419 -0.145 -1.247 -0.550  0.259 -0.100  4.962 -30.006  20.580  0.172  51.526 -0.084 -0.259 -0.327
0.7 -0.318 -0.135  0.030  2.426 -0.328  13.604 -14.177  3.394 -0.453  3.586 -0.161 -1.283 -0.610  0.285 -0.103  5.099 -30.148  20.613  0.168  51.561 -0.086 -0.272 -0.333
0.71 -0.319 -0.134  0.030  3.033 -0.168  14.045 -14.385  3.371 -0.421  3.409 -0.141 -1.321 -0.531  0.313 -0.105  5.238 -30.290  20.646  0.164  51.596 -0.087 -0.285 -0.338
0.72 -0.319 -0.133  0.031  2.745 -0.318  13.847 -14.403  3.606 -0.545  3.530 -0.152 -1.360 -0.572  0.342 -0.107  5.377 -30.434  20.681  0.159  51.631 -0.089 -0.298 -0.344
0.73 -0.320 -0.133  0.032  3.171 -0.226  14.131 -14.571  3.606 -0.529  3.407 -0.138 -1.391 -0.516  0.371 -0.110  5.517 -30.579  20.717  0.154  51.665 -0.090 -0.312 -0.349
0.74 -0.321 -0.132  0.033  3.010 -0.329  14.040 -14.566  3.754 -0.606  3.477 -0.144 -1.417 -0.539  0.402 -0.113  5.658 -30.725  20.754  0.148  51.700 -0.092 -0.326 -0.354
0.75 -0.322 -0.131  0.033  3.172 -0.318  14.126 -14.635  3.727 -0.585  3.420 -0.138 -1.420 -0.514  0.433 -0.116  5.799 -30.871  20.792  0.142  51.734 -0.093 -0.340 -0.360
0.76 -0.322 -0.131  0.034  3.147 -0.371  14.116 -14.636  3.803 -0.624  3.430 -0.138 -1.437 -0.516  0.465 -0.120  5.940 -31.017  20.829  0.136  51.768 -0.094 -0.354 -0.365
0.77 -0.323 -0.130  0.035  3.217 -0.391  14.141 -14.672  3.820 -0.629  3.402 -0.135 -1.445 -0.504  0.496 -0.123  6.081 -31.164  20.867  0.130  51.803 -0.096 -0.369 -0.370
0.78 -0.324 -0.129  0.036  3.280 -0.416  14.169 -14.714  3.903 -0.670  3.384 -0.133 -1.470 -0.493  0.529 -0.127  6.223 -31.311  20.906  0.123  51.837 -0.097 -0.383 -0.375
0.79 -0.324 -0.128  0.036  3.371 -0.434  14.204 -14.771  3.982 -0.708  3.358 -0.129 -1.495 -0.479  0.562 -0.132  6.365 -31.458  20.945  0.116  51.870 -0.098 -0.398 -0.380
0.8 -0.325 -0.128  0.037  3.452 -0.454  14.234 -14.817  4.061 -0.746  3.334 -0.126 -1.520 -0.467  0.596 -0.136  6.507 -31.606  20.986  0.109  51.904 -0.100 -0.413 -0.385
0.81 -0.326 -0.127  0.038  3.524 -0.477  14.255 -14.854  4.131 -0.781  3.310 -0.123 -1.541 -0.454  0.631 -0.141  6.649 -31.754  21.027  0.101  51.937 -0.101 -0.429 -0.389
0.82 -0.327 -0.126  0.038  3.590 -0.501  14.268 -14.884  4.196 -0.813  3.284 -0.121 -1.561 -0.442  0.667 -0.146  6.792 -31.903  21.068  0.093  51.970 -0.102 -0.444 -0.394
0.83 -0.327 -0.126  0.039  3.659 -0.524  14.278 -14.911  4.264 -0.848  3.257 -0.118 -1.581 -0.430  0.703 -0.151  6.935 -32.052  21.110  0.085  52.003 -0.103 -0.460 -0.398
0.84 -0.328 -0.125  0.040  3.734 -0.546  14.288 -14.940  4.336 -0.884  3.228 -0.114 -1.603 -0.416  0.740 -0.156  7.077 -32.201  21.153  0.077  52.035 -0.105 -0.476 -0.402
0.85 -0.329 -0.124  0.041  3.809 -0.567  14.296 -14.966  4.408 -0.921  3.198 -0.111 -1.625 -0.403  0.778 -0.162  7.220 -32.351  21.197  0.067  52.067 -0.106 -0.492 -0.406
0.86 -0.329 -0.123  0.041  3.878 -0.591  14.297 -14.985  4.475 -0.956  3.168 -0.108 -1.645 -0.389  0.816 -0.167  7.363 -32.501  21.242  0.058  52.099 -0.107 -0.508 -0.410
0.87 -0.330 -0.123  0.042  3.938 -0.615  14.291 -14.996  4.535 -0.988  3.138 -0.105 -1.662 -0.377  0.855 -0.174  7.506 -32.651  21.287  0.048  52.131 -0.108 -0.525 -0.414
0.88 -0.331 -0.122  0.043  3.996 -0.640  14.279 -15.001  4.592 -1.018  3.108 -0.102 -1.679 -0.364  0.895 -0.180  7.649 -32.801  21.332  0.038  52.162 -0.109 -0.542 -0.418
0.89 -0.332 -0.121  0.043  4.054 -0.665  14.265 -15.004  4.650 -1.050  3.076 -0.099 -1.695 -0.351  0.935 -0.186  7.792 -32.951  21.378  0.028  52.193 -0.110 -0.558 -0.421
0.9 -0.332 -0.121  0.044  4.115 -0.688  14.249 -15.005  4.709 -1.082  3.043 -0.096 -1.712 -0.338  0.976 -0.193  7.934 -33.101  21.425  0.017  52.223 -0.111 -0.575 -0.425
0.91 -0.333 -0.120  0.045  4.173 -0.712  14.230 -15.004  4.767 -1.114  3.010 -0.093 -1.728 -0.325  1.017 -0.200  8.077 -33.251  21.473  0.006  52.254 -0.112 -0.593 -0.428
0.92 -0.334 -0.119  0.045  4.227 -0.737  14.206 -14.996  4.820 -1.143  2.976 -0.090 -1.743 -0.312  1.059 -0.207  8.219 -33.401  21.521 -0.005  52.283 -0.113 -0.610 -0.431
0.93 -0.334 -0.119  0.046  4.275 -0.762  14.176 -14.982  4.868 -1.171  2.943 -0.087 -1.756 -0.300  1.102 -0.215  8.361 -33.551  21.569 -0.016  52.313 -0.114 -0.628 -0.434
0.94 -0.335 -0.118  0.047  4.321 -0.787  14.143 -14.964  4.915 -1.199  2.909 -0.084 -1.768 -0.287  1.145 -0.223  8.503 -33.700  21.618 -0.028  52.342 -0.114 -0.645 -0.437
0.95 -0.336 -0.117  0.047  4.367 -0.811  14.107 -14.944  4.961 -1.226  2.874 -0.081 -1.780 -0.275  1.188 -0.231  8.644 -33.850  21.667 -0.040  52.371 -0.115 -0.663 -0.440
0.96 -0.336 -0.117  0.048  4.412 -0.835  14.068 -14.922  5.006 -1.253  2.839 -0.078 -1.792 -0.262  1.232 -0.239  8.785 -33.999  21.717 -0.053  52.400 -0.116 -0.681 -0.443
0.97 -0.337 -0.116  0.049  4.455 -0.859  14.026 -14.895  5.049 -1.279  2.803 -0.075 -1.803 -0.250  1.277 -0.247  8.925 -34.148  21.767 -0.066  52.428 -0.117 -0.699 -0.445
0.98 -0.338 -0.115  0.049  4.494 -0.883  13.980 -14.864  5.089 -1.304  2.768 -0.072 -1.813 -0.238  1.321 -0.256  9.065 -34.297  21.818 -0.078  52.456 -0.118 -0.717 -0.448
0.99 -0.338 -0.115  0.050  4.530 -0.908  13.930 -14.829  5.126 -1.327  2.733 -0.069 -1.821 -0.226  1.366 -0.265  9.205 -34.446  21.869 -0.092  52.483 -0.118 -0.735 -0.450
1 -0.339 -0.114  0.051  4.563 -0.931  13.878 -14.790  5.160 -1.350  2.697 -0.066 -1.829 -0.214  1.412 -0.274  9.344 -34.594  21.921 -0.105  52.511 -0.119 -0.753 -0.452
1.01 -0.340 -0.113  0.051  4.595 -0.955  13.822 -14.749  5.193 -1.372  2.661 -0.064 -1.837 -0.203  1.458 -0.284  9.482 -34.741  21.972 -0.119  52.537 -0.120 -0.772 -0.454
1.02 -0.340 -0.113  0.052  4.626 -0.978  13.764 -14.705  5.225 -1.393  2.625 -0.061 -1.844 -0.191  1.504 -0.293  9.620 -34.889  22.025 -0.132  52.564 -0.120 -0.790 -0.456
1.03 -0.341 -0.112  0.053  4.654 -1.001  13.704 -14.657  5.254 -1.414  2.589 -0.058 -1.850 -0.180  1.550 -0.303  9.758 -35.035  22.077 -0.146  52.590 -0.121 -0.808 -0.458
1.04 -0.342 -0.111  0.053  4.679 -1.023  13.640 -14.606  5.281 -1.433  2.552 -0.056 -1.855 -0.169  1.597 -0.313  9.894 -35.182  22.130 -0.161  52.616 -0.121 -0.827 -0.460
1.05 -0.342 -0.111  0.054  4.701 -1.045  13.574 -14.551  5.304 -1.451  2.516 -0.053 -1.859 -0.158  1.644 -0.324  10.030 -35.328  22.182 -0.175  52.641 -0.122 -0.846 -0.462
1.06 -0.343 -0.110  0.055  4.722 -1.067  13.505 -14.493  5.326 -1.468  2.480 -0.051 -1.863 -0.147  1.691 -0.334  10.166 -35.473  22.236 -0.190  52.666 -0.122 -0.864 -0.463
1.07 -0.343 -0.109  0.055  4.740 -1.088  13.435 -14.432  5.346 -1.485  2.444 -0.048 -1.865 -0.137  1.738 -0.345  10.300 -35.617  22.289 -0.204  52.690 -0.123 -0.883 -0.465
1.08 -0.344 -0.109  0.056  4.755 -1.109  13.361 -14.367  5.362 -1.500  2.408 -0.046 -1.867 -0.127  1.786 -0.356  10.434 -35.761  22.343 -0.219  52.715 -0.123 -0.901 -0.466
1.09 -0.345 -0.108  0.057  4.770 -1.129  13.285 -14.300  5.377 -1.514  2.372 -0.043 -1.868 -0.117  1.833 -0.367  10.568 -35.905  22.396 -0.234  52.739 -0.124 -0.920 -0.467
1.1 -0.345 -0.108  0.057  4.783 -1.149  13.209 -14.230  5.391 -1.528  2.336 -0.041 -1.869 -0.107  1.881 -0.378  10.700 -36.047  22.450 -0.250  52.762 -0.124 -0.939 -0.468
1.11 -0.346 -0.107  0.058  4.793 -1.168  13.131 -14.157  5.401 -1.541  2.301 -0.039 -1.869 -0.097  1.929 -0.390  10.832 -36.189  22.504 -0.265  52.785 -0.125 -0.957 -0.469
1.12 -0.347 -0.106  0.058  4.799 -1.187  13.050 -14.081  5.410 -1.552  2.266 -0.036 -1.868 -0.088  1.977 -0.402  10.963 -36.330  22.558 -0.280  52.808 -0.125 -0.976 -0.470
1.13 -0.347 -0.106  0.059  4.804 -1.205  12.966 -14.003  5.417 -1.564  2.231 -0.034 -1.867 -0.080  2.025 -0.414  11.093 -36.471  22.612 -0.296  52.831 -0.125 -0.995 -0.471
1.14 -0.348 -0.105  0.060  4.808 -1.222  12.880 -13.925  5.427 -1.576  2.197 -0.032 -1.866 -0.071  2.073 -0.426  11.222 -36.611  22.666 -0.312  52.853 -0.126 -1.014 -0.472
1.15 -0.348 -0.105  0.060  4.811 -1.239  12.792 -13.849  5.438 -1.589  2.163 -0.030 -1.866 -0.062  2.121 -0.438  11.350 -36.749  22.721 -0.328  52.875 -0.126 -1.032 -0.472
1.16 -0.349 -0.104  0.061  4.813 -1.255  12.702 -13.772  5.449 -1.603  2.130 -0.028 -1.865 -0.054  2.169 -0.451  11.478 -36.887  22.775 -0.344  52.896 -0.126 -1.051 -0.473
1.17 -0.349 -0.103  0.061  4.815 -1.270  12.611 -13.693  5.457 -1.614  2.096 -0.026 -1.864 -0.045  2.217 -0.463  11.604 -37.025  22.830 -0.360  52.917 -0.127 -1.069 -0.474
1.18 -0.350 -0.103  0.062  4.814 -1.285  12.518 -13.609  5.459 -1.623  2.062 -0.024 -1.861 -0.037  2.265 -0.476  11.730 -37.161  22.884 -0.376  52.938 -0.127 -1.088 -0.474
1.19 -0.351 -0.102  0.062  4.810 -1.300  12.424 -13.522  5.457 -1.630  2.029 -0.022 -1.856 -0.029  2.314 -0.489  11.855 -37.297  22.939 -0.392  52.958 -0.127 -1.107 -0.474
1.2 -0.351 -0.102  0.063  4.804 -1.314  12.328 -13.432  5.451 -1.635  1.995 -0.020 -1.851 -0.022  2.362 -0.502  11.978 -37.432  22.993 -0.408  52.979 -0.127 -1.125 -0.475
1.21 -0.352 -0.101  0.063  4.795 -1.328  12.229 -13.341  5.445 -1.639  1.963 -0.019 -1.845 -0.015  2.410 -0.515  12.101 -37.566  23.048 -0.425  52.998 -0.127 -1.144 -0.475
1.22 -0.352 -0.101  0.064  4.785 -1.340  12.129 -13.249  5.439 -1.644  1.930 -0.017 -1.840 -0.008  2.458 -0.529  12.223 -37.699  23.102 -0.441  53.018 -0.128 -1.162 -0.475
1.23 -0.353 -0.100  0.065  4.775 -1.352  12.029 -13.157  5.433 -1.649  1.898 -0.015 -1.834 -0.001  2.505 -0.542  12.344 -37.831  23.157 -0.458  53.037 -0.128 -1.180 -0.475
1.24 -0.353 -0.100  0.065  4.764 -1.364  11.927 -13.064  5.425 -1.653  1.866 -0.014 -1.827  0.006  2.553 -0.556  12.464 -37.962  23.211 -0.474  53.056 -0.128 -1.199 -0.475
1.25 -0.354 -0.099  0.066  4.751 -1.375  11.825 -12.968  5.413 -1.656  1.835 -0.012 -1.820  0.013  2.601 -0.569  12.582 -38.092  23.265 -0.491  53.074 -0.128 -1.217 -0.475
1.26 -0.354 -0.099  0.066  4.736 -1.385  11.721 -12.870  5.400 -1.657  1.803 -0.011 -1.812  0.019  2.648 -0.583  12.700 -38.221  23.319 -0.507  53.092 -0.128 -1.235 -0.475
1.27 -0.355 -0.098  0.067  4.719 -1.395  11.616 -12.771  5.384 -1.657  1.772 -0.009 -1.804  0.025  2.695 -0.597  12.817 -38.349  23.373 -0.524  53.110 -0.128 -1.253 -0.474
1.28 -0.355 -0.097  0.067  4.700 -1.404  11.510 -12.670  5.368 -1.658  1.742 -0.008 -1.795  0.031  2.742 -0.611  12.932 -38.476  23.427 -0.540  53.128 -0.128 -1.271 -0.474
1.29 -0.356 -0.097  0.068  4.681 -1.413  11.403 -12.569  5.351 -1.657  1.712 -0.006 -1.786  0.037  2.789 -0.625  13.047 -38.603  23.481 -0.557  53.145 -0.128 -1.289 -0.474
1.3 -0.356 -0.096  0.068  4.661 -1.421  11.295 -12.467  5.332 -1.656  1.682 -0.005 -1.777  0.042  2.836 -0.639  13.160 -38.728  23.534 -0.574  53.162 -0.128 -1.307 -0.473
1.31 -0.357 -0.096  0.069  4.639 -1.428  11.187 -12.364  5.312 -1.654  1.652 -0.003 -1.767  0.048  2.882 -0.654  13.273 -38.852  23.587 -0.590  53.179 -0.129 -1.325 -0.473
1.32 -0.357 -0.096  0.069  4.617 -1.435  11.079 -12.259  5.290 -1.652  1.623 -0.002 -1.757  0.053  2.929 -0.668  13.384 -38.975  23.640 -0.607  53.195 -0.129 -1.342 -0.472
1.33 -0.358 -0.095  0.070  4.592 -1.441  10.970 -12.154  5.267 -1.649  1.594 -0.001 -1.746  0.058  2.975 -0.682  13.494 -39.097  23.693 -0.623  53.211 -0.129 -1.360 -0.472
1.34 -0.358 -0.095  0.070  4.567 -1.447  10.859 -12.047  5.242 -1.645  1.565  0.000 -1.735  0.062  3.021 -0.697  13.604 -39.218  23.745 -0.640  53.227 -0.129 -1.377 -0.471
1.35 -0.359 -0.094  0.071  4.541 -1.452  10.749 -11.940  5.217 -1.640  1.537  0.001 -1.723  0.067  3.066 -0.711  13.712 -39.338  23.798 -0.656  53.243 -0.129 -1.395 -0.471
1.36 -0.359 -0.094  0.071  4.514 -1.456  10.639 -11.832  5.190 -1.636  1.509  0.002 -1.712  0.071  3.111 -0.726  13.819 -39.457  23.850 -0.672  53.258 -0.129 -1.412 -0.470
1.37 -0.360 -0.093  0.072  4.486 -1.460  10.528 -11.724  5.163 -1.630  1.482  0.004 -1.700  0.076  3.156 -0.740  13.924 -39.575  23.902 -0.689  53.273 -0.129 -1.429 -0.469
1.38 -0.360 -0.093  0.072  4.457 -1.464  10.417 -11.615  5.134 -1.624  1.455  0.005 -1.688  0.080  3.201 -0.755  14.029 -39.691  23.953 -0.705  53.287 -0.128 -1.446 -0.468
1.39 -0.361 -0.092  0.072  4.427 -1.466  10.305 -11.505  5.104 -1.618  1.428  0.006 -1.675  0.084  3.246 -0.770  14.133 -39.807  24.004 -0.721  53.302 -0.128 -1.463 -0.468
1.4 -0.361 -0.092  0.073  4.396 -1.469  10.194 -11.395  5.073 -1.611  1.402  0.007 -1.662  0.087  3.290 -0.784  14.235 -39.922  24.055 -0.737  53.316 -0.128 -1.479 -0.467
1.41 -0.362 -0.091  0.073  4.365 -1.470  10.082 -11.284  5.041 -1.604  1.376  0.007 -1.649  0.091  3.333 -0.799  14.337 -40.035  24.106 -0.753  53.330 -0.128 -1.496 -0.466
1.42 -0.362 -0.091  0.074  4.333 -1.471  9.970 -11.173  5.009 -1.596  1.351  0.008 -1.636  0.094  3.377 -0.814  14.437 -40.147  24.156 -0.769  53.344 -0.128 -1.512 -0.465
1.43 -0.362 -0.090  0.074  4.300 -1.472  9.859 -11.061  4.975 -1.588  1.325  0.009 -1.623  0.097  3.420 -0.828  14.536 -40.258  24.206 -0.785  53.357 -0.128 -1.528 -0.464
1.44 -0.363 -0.090  0.075  4.266 -1.472  9.747 -10.949  4.941 -1.579  1.301  0.010 -1.609  0.100  3.463 -0.843  14.634 -40.368  24.255 -0.801  53.370 -0.128 -1.545 -0.463
1.45 -0.363 -0.090  0.075  4.232 -1.472  9.636 -10.837  4.906 -1.571  1.276  0.011 -1.595  0.103  3.505 -0.858  14.731 -40.477  24.305 -0.817  53.383 -0.128 -1.561 -0.462
1.46 -0.364 -0.089  0.075  4.198 -1.471  9.525 -10.725  4.870 -1.561  1.252  0.012 -1.581  0.106  3.548 -0.873  14.827 -40.585  24.354 -0.833  53.396 -0.128 -1.577 -0.461
1.47 -0.364 -0.089  0.076  4.162 -1.469  9.413 -10.612  4.833 -1.552  1.228  0.012 -1.567  0.109  3.589 -0.887  14.921 -40.692  24.402 -0.848  53.408 -0.128 -1.592 -0.460
1.48 -0.364 -0.088  0.076  4.126 -1.467  9.302 -10.500  4.796 -1.542  1.205  0.013 -1.553  0.111  3.631 -0.902  15.015 -40.797  24.450 -0.864  53.420 -0.128 -1.608 -0.459
1.49 -0.365 -0.088  0.077  4.090 -1.465  9.192 -10.387  4.758 -1.531  1.182  0.014 -1.539  0.113  3.672 -0.917  15.108 -40.902  24.498 -0.879  53.432 -0.127 -1.623 -0.458
1.5 -0.365 -0.088  0.077  4.053 -1.462  9.081 -10.274  4.720 -1.521  1.159  0.014 -1.524  0.116  3.713 -0.931  15.199 -41.005  24.545 -0.894  53.444 -0.127 -1.639 -0.456
1.51 -0.366 -0.087  0.077  4.016 -1.459  8.971 -10.162  4.681 -1.510  1.137  0.015 -1.509  0.118  3.753 -0.946  15.289 -41.107  24.592 -0.909  53.455 -0.127 -1.654 -0.455
1.52 -0.366 -0.087  0.078  3.979 -1.455  8.862 -10.049  4.641 -1.499  1.115  0.015 -1.495  0.120  3.793 -0.960  15.378 -41.208  24.639 -0.924  53.467 -0.127 -1.669 -0.454
1.53 -0.366 -0.086  0.078  3.941 -1.451  8.753 -9.936  4.601 -1.487  1.094  0.016 -1.480  0.121  3.833 -0.975  15.466 -41.308  24.685 -0.939  53.478 -0.127 -1.684 -0.453
1.54 -0.367 -0.086  0.079  3.903 -1.447  8.644 -9.824  4.561 -1.476  1.073  0.016 -1.465  0.123  3.872 -0.989  15.553 -41.407  24.731 -0.954  53.488 -0.127 -1.698 -0.452
1.55 -0.367 -0.086  0.079  3.864 -1.442  8.535 -9.711  4.520 -1.464  1.052  0.017 -1.450  0.125  3.911 -1.004  15.639 -41.505  24.776 -0.969  53.499 -0.127 -1.713 -0.450
1.56 -0.368 -0.085  0.079  3.825 -1.437  8.428 -9.599  4.479 -1.452  1.031  0.017 -1.435  0.126  3.949 -1.018  15.724 -41.601  24.821 -0.983  53.509 -0.126 -1.727 -0.449
1.57 -0.368 -0.085  0.080  3.786 -1.431  8.320 -9.487  4.437 -1.440  1.011  0.018 -1.420  0.128  3.987 -1.033  15.808 -41.697  24.866 -0.998  53.520 -0.126 -1.742 -0.448
1.58 -0.368 -0.085  0.080  3.747 -1.425  8.214 -9.376  4.395 -1.427  0.992  0.018 -1.405  0.129  4.025 -1.047  15.891 -41.791  24.910 -1.012  53.530 -0.126 -1.756 -0.447
1.59 -0.369 -0.084  0.080  3.708 -1.419  8.107 -9.264  4.353 -1.415  0.972  0.018 -1.389  0.130  4.062 -1.061  15.972 -41.884  24.954 -1.026  53.540 -0.126 -1.770 -0.445
1.6 -0.369 -0.084  0.081  3.668 -1.412  8.002 -9.153  4.310 -1.402  0.953  0.019 -1.374  0.131  4.099 -1.075  16.053 -41.976  24.997 -1.041  53.549 -0.126 -1.784 -0.444
1.61 -0.369 -0.084  0.081  3.629 -1.405  7.897 -9.043  4.267 -1.389  0.934  0.019 -1.359  0.132  4.135 -1.089  16.132 -42.067  25.040 -1.055  53.559 -0.125 -1.797 -0.443
1.62 -0.370 -0.083  0.081  3.589 -1.398  7.792 -8.932  4.224 -1.376  0.916  0.019 -1.343  0.133  4.172 -1.103  16.211 -42.157  25.083 -1.068  53.568 -0.125 -1.811 -0.441
1.63 -0.370 -0.083  0.082  3.549 -1.390  7.689 -8.823  4.181 -1.363  0.898  0.020 -1.328  0.133  4.207 -1.117  16.288 -42.246  25.125 -1.082  53.577 -0.125 -1.824 -0.440
1.64 -0.370 -0.083  0.082  3.509 -1.382  7.586 -8.713  4.138 -1.349  0.880  0.020 -1.313  0.134  4.243 -1.131  16.364 -42.334  25.166 -1.096  53.586 -0.125 -1.837 -0.439
1.65 -0.371 -0.082  0.082  3.469 -1.374  7.484 -8.604  4.094 -1.336  0.863  0.020 -1.298  0.135  4.277 -1.145  16.440 -42.420  25.207 -1.109  53.595 -0.125 -1.850 -0.437
1.66 -0.371 -0.082  0.083  3.429 -1.366  7.382 -8.496  4.050 -1.322  0.846  0.020 -1.282  0.135  4.312 -1.159  16.514 -42.506  25.248 -1.122  53.603 -0.124 -1.863 -0.436
1.67 -0.371 -0.082  0.083  3.389 -1.357  7.281 -8.388  4.007 -1.309  0.829  0.021 -1.267  0.135  4.346 -1.172  16.587 -42.590  25.288 -1.135  53.611 -0.124 -1.876 -0.435
1.68 -0.371 -0.081  0.083  0.130 -0.808  3.049 -3.412  0.949 -0.114  0.810 -0.031 -0.280 -0.128  4.364 -1.183  16.639 -42.649  25.313 -1.143  53.620 -0.124 -1.884 -0.435
1.69 -0.372 -0.081  0.084  0.855 -1.573  6.359 -6.870  1.998 -0.281  1.408 -0.043 -0.615 -0.172  4.369 -1.195  16.686 -42.701  25.328 -1.145  53.631 -0.125 -1.888 -0.436
1.7 -0.372 -0.081  0.084  6.321 -1.695  10.067 -12.563  7.228 -2.710  0.689  0.074 -2.254  0.410  4.404 -1.211  16.768 -42.798  25.374 -1.160  53.641 -0.125 -1.903 -0.435
1.71 -0.372 -0.081  0.084  6.484 -1.452  9.264 -11.613  7.029 -2.717  0.394  0.089 -2.206  0.475  4.468 -1.227  16.865 -42.919  25.445 -1.187  53.647 -0.124 -1.925 -0.431
1.72 -0.373 -0.080  0.084  1.081 -0.739  3.407 -3.593  1.283 -0.290  0.496 -0.002 -0.415  0.003  4.506 -1.238  16.928 -42.995  25.487 -1.202  53.651 -0.123 -1.938 -0.428
1.73 -0.373 -0.080  0.085  1.802 -1.408  6.352 -6.393  1.976 -0.326  0.938 -0.009 -0.656 -0.017  4.521 -1.249  16.977 -43.045  25.503 -1.205  53.658 -0.123 -1.943 -0.428
1.74 -0.373 -0.080  0.085  2.946 -1.621  7.585 -8.980  4.100 -1.272  1.096  0.004 -1.262  0.061  4.544 -1.264  17.047 -43.121  25.534 -1.213  53.668 -0.123 -1.953 -0.428
1.75 -0.373 -0.079  0.085  0.457 -0.825  3.248 -3.530  1.054 -0.157  0.706 -0.021 -0.322 -0.082  4.561 -1.276  17.101 -43.184  25.559 -1.220  53.677 -0.123 -1.961 -0.428
1.76 -0.374 -0.079  0.086  3.298 -1.483  7.437 -7.892  3.279 -0.919  0.712  0.025 -1.068  0.148  4.580 -1.288  17.154 -43.241  25.581 -1.225  53.684 -0.123 -1.968 -0.428
1.77 -0.374 -0.079  0.086  7.057 -1.604  10.019 -11.816  6.896 -2.597  0.223  0.105 -2.200  0.549  4.632 -1.303  17.242 -43.340  25.632 -1.243  53.689 -0.123 -1.984 -0.424
1.78 -0.374 -0.079  0.086  6.130 -1.384  8.509 -10.768  6.691 -2.618  0.298  0.088 -2.089  0.467  4.698 -1.318  17.334 -43.453  25.700 -1.269  53.692 -0.122 -2.006 -0.419
1.79 -0.375 -0.078  0.086  0.560 -0.684  2.662 -3.468  1.545 -0.466  0.626 -0.015 -0.446 -0.054  4.731 -1.328  17.390 -43.524  25.741 -1.284  53.696 -0.121 -2.018 -0.417
1.8 -0.375 -0.078  0.087 -0.593 -0.721  2.146 -2.401  0.353  0.121  0.816 -0.041 -0.080 -0.184  4.731 -1.335  17.414 -43.553  25.750 -1.286  53.704 -0.122 -2.021 -0.418
1.81 -0.375 -0.078  0.087 -0.060 -1.703  6.017 -5.928  0.930  0.264  1.509 -0.060 -0.289 -0.262  4.728 -1.348  17.455 -43.595  25.757 -1.284  53.715 -0.122 -2.023 -0.421
1.82 -0.375 -0.078  0.087  4.289 -1.773  8.677 -10.205  5.058 -1.680  0.850  0.037 -1.575  0.219  4.749 -1.365  17.528 -43.675  25.787 -1.291  53.727 -0.122 -2.032 -0.421
1.83 -0.376 -0.077  0.087  1.277 -0.680  3.123 -3.574  1.593 -0.480  0.383  0.006 -0.496  0.043  4.777 -1.377  17.587 -43.744  25.820 -1.302  53.733 -0.122 -2.042 -0.419
1.84 -0.376 -0.077  0.088  8.201 -1.236  8.954 -11.605  8.052 -3.339 -0.357  0.148 -2.529  0.754  4.824 -1.387  17.648 -43.820  25.868 -1.321  53.733 -0.121 -2.058 -0.415
1.85 -0.376 -0.077  0.088  6.509 -1.474  8.734 -11.262  7.115 -2.802  0.211  0.098 -2.206  0.520  4.898 -1.400  17.736 -43.935  25.944 -1.352  53.733 -0.120 -2.081 -0.409
1.86 -0.376 -0.077  0.088  0.584 -0.818  3.158 -3.472  1.150 -0.216  0.627 -0.014 -0.349 -0.054  4.933 -1.412  17.796 -44.008  25.985 -1.367  53.737 -0.120 -2.094 -0.407
1.87 -0.376 -0.076  0.088 -0.590 -0.762  2.321 -2.122 -0.059  0.340  0.760 -0.039  0.023 -0.177  4.933 -1.420  17.823 -44.036  25.991 -1.366  53.744 -0.120 -2.096 -0.408
1.88 -0.377 -0.076  0.088 -0.404 -1.548  5.167 -4.848  0.409  0.442  1.367 -0.059 -0.130 -0.265  4.928 -1.431  17.860 -44.071  25.993 -1.362  53.754 -0.120 -2.096 -0.410
1.89 -0.377 -0.076  0.089  3.140 -1.604  7.236 -8.358  3.868 -1.198  0.818  0.020 -1.197  0.132  4.942 -1.447  17.922 -44.137  26.014 -1.366  53.765 -0.121 -2.103 -0.411
1.9 -0.377 -0.076  0.089  1.004 -0.609  2.634 -3.062  1.361 -0.405  0.352  0.003 -0.417  0.028  4.963 -1.458  17.972 -44.194  26.040 -1.374  53.771 -0.121 -2.111 -0.410
1.91 -0.377 -0.076  0.089  0.628 -0.506  2.067 -2.386  0.974 -0.263  0.332 -0.002 -0.296 -0.000  4.971 -1.464  17.995 -44.221  26.052 -1.378  53.775 -0.121 -2.114 -0.410
1.92 -0.378 -0.075  0.089  4.692 -1.653  8.168 -9.838  5.303 -1.873  0.562  0.056 -1.645  0.308  4.997 -1.474  18.047 -44.283  26.083 -1.388  53.779 -0.120 -2.124 -0.408
1.93 -0.378 -0.075  0.090  7.375 -1.698  9.648 -12.393  7.941 -3.139  0.138  0.116 -2.465  0.613  5.058 -1.491  18.136 -44.394  26.149 -1.413  53.783 -0.119 -2.145 -0.404
1.94 -0.378 -0.075  0.090  1.504 -0.653  3.014 -3.569  1.802 -0.603  0.283  0.014 -0.558  0.083  5.102 -1.503  18.199 -44.473  26.198 -1.432  53.785 -0.119 -2.160 -0.400
1.95 -0.378 -0.075  0.090  0.205 -0.536  1.936 -1.979  0.491 -0.018  0.405 -0.012 -0.151 -0.049  5.111 -1.509  18.224 -44.501  26.210 -1.435  53.788 -0.119 -2.163 -0.400
1.96 -0.378 -0.075  0.090  1.303 -1.408  5.469 -5.823  1.945 -0.363  0.914 -0.013 -0.603 -0.040  5.118 -1.519  18.261 -44.540  26.222 -1.437  53.795 -0.119 -2.167 -0.400
1.97 -0.379 -0.074  0.090  0.267 -0.785  2.785 -2.942  0.783 -0.060  0.610 -0.018 -0.235 -0.077  5.126 -1.530  18.302 -44.584  26.235 -1.439  53.802 -0.119 -2.171 -0.401
1.98 -0.379 -0.074  0.091  7.625 -1.464  8.857 -11.527  7.783 -3.159 -0.208  0.134 -2.416  0.691  5.166 -1.541  18.360 -44.656  26.278 -1.455  53.804 -0.118 -2.185 -0.398
1.99 -0.379 -0.074  0.091  1.353 -0.730  3.130 -3.744  1.803 -0.575  0.370  0.009 -0.548  0.057  5.210 -1.552  18.420 -44.733  26.326 -1.474  53.805 -0.118 -2.199 -0.394
2 -0.379 -0.074  0.091 -0.019 -0.651  2.154 -2.280  0.509  0.016  0.556 -0.021 -0.145 -0.091  5.217 -1.559  18.447 -44.763  26.338 -1.477  53.810 -0.118 -2.203 -0.394
2.01 -0.379 -0.074  0.091  1.084 -1.463  5.453 -5.764  1.802 -0.278  0.975 -0.018 -0.553 -0.066  5.222 -1.569  18.485 -44.803  26.349 -1.478  53.817 -0.118 -2.206 -0.395
2.02 -0.379 -0.073  0.091  0.343 -0.736  2.625 -2.797  0.807 -0.094  0.540 -0.014 -0.242 -0.058  5.230 -1.580  18.525 -44.846  26.362 -1.480  53.825 -0.118 -2.210 -0.396
2.03 -0.380 -0.073  0.091  0.575 -0.553  2.123 -2.400  0.924 -0.225  0.349 -0.003 -0.279 -0.006  5.234 -1.587  18.549 -44.872  26.371 -1.481  53.829 -0.118 -2.213 -0.396
2.04 -0.380 -0.073  0.092  5.623 -1.602  8.108 -10.264  6.216 -2.363  0.255  0.084 -1.912  0.447  5.265 -1.597  18.600 -44.935  26.407 -1.494  53.832 -0.118 -2.224 -0.394
2.05 -0.380 -0.073  0.092  1.409 -0.725  3.100 -3.669  1.783 -0.572  0.327  0.011 -0.545  0.070  5.300 -1.609  18.656 -45.005  26.447 -1.509  53.835 -0.117 -2.236 -0.391
2.06 -0.380 -0.073  0.092  0.589 -0.557  2.143 -2.328  0.847 -0.186  0.329 -0.002 -0.260 -0.002  5.310 -1.616  18.682 -45.035  26.460 -1.513  53.839 -0.117 -2.240 -0.391
2.07 -0.380 -0.073  0.092  4.039 -1.511  6.967 -8.491  4.649 -1.644  0.448  0.051 -1.427  0.279  5.333 -1.626  18.728 -45.089  26.487 -1.522  53.843 -0.117 -2.249 -0.390
2.08 -0.380 -0.072  0.092  1.064 -0.688  2.787 -3.209  1.420 -0.412  0.350  0.005 -0.433  0.036  5.359 -1.637  18.776 -45.147  26.518 -1.532  53.846 -0.117 -2.258 -0.388
2.09 -0.381 -0.072  0.092  0.593 -0.517  1.992 -2.203  0.847 -0.204  0.294 -0.001 -0.259  0.004  5.367 -1.643  18.800 -45.175  26.529 -1.535  53.850 -0.117 -2.261 -0.388
2.1 -0.381 -0.072  0.093  4.376 -1.471  6.935 -8.633  4.971 -1.821  0.339  0.061 -1.523  0.328  5.392 -1.653  18.845 -45.229  26.558 -1.545  53.853 -0.116 -2.270 -0.386
2.11 -0.381 -0.072  0.093  1.119 -0.663  2.711 -3.156  1.456 -0.441  0.313  0.007 -0.444  0.048  5.420 -1.663  18.893 -45.288  26.590 -1.557  53.856 -0.116 -2.280 -0.384
2.12 -0.381 -0.072  0.093  0.546 -0.502  1.908 -2.077  0.771 -0.173  0.282 -0.001 -0.236  0.002  5.428 -1.669  18.916 -45.314  26.601 -1.560  53.859 -0.116 -2.284 -0.384
2.13 -0.381 -0.072  0.093  0.272 -0.588  2.047 -2.164  0.620 -0.066  0.409 -0.010 -0.186 -0.042  5.432 -1.675  18.936 -45.335  26.608 -1.561  53.863 -0.116 -2.286 -0.384
2.14 -0.381 -0.072  0.093  3.841 -1.624  7.109 -8.554  4.511 -1.541  0.527  0.045 -1.380  0.252  5.453 -1.686  18.982 -45.389  26.634 -1.569  53.867 -0.116 -2.293 -0.383
2.15 -0.382 -0.071  0.093  1.158 -0.664  2.705 -3.172  1.495 -0.462  0.298  0.009 -0.455  0.054  5.478 -1.697  19.031 -45.447  26.664 -1.579  53.871 -0.116 -2.303 -0.382
2.16 -0.382 -0.071  0.093  0.800 -0.423  1.749 -2.071  1.009 -0.322  0.175  0.007 -0.307  0.043  5.487 -1.703  19.053 -45.473  26.677 -1.583  53.874 -0.116 -2.306 -0.381
2.17 -0.382 -0.071  0.094  0.548 -0.510  1.907 -2.145  0.840 -0.206  0.292 -0.001 -0.253  0.002  5.494 -1.707  19.071 -45.495  26.686 -1.586  53.876 -0.116 -2.309 -0.381
2.18 -0.382 -0.071  0.094  4.953 -1.616  7.535 -9.445  5.563 -2.061  0.291  0.073 -1.701  0.390  5.522 -1.718  19.119 -45.552  26.718 -1.597  53.879 -0.115 -2.319 -0.379
2.19 -0.382 -0.071  0.094  1.335 -0.655  2.737 -3.263  1.643 -0.538  0.248  0.014 -0.500  0.078  5.553 -1.729  19.170 -45.616  26.754 -1.610  53.882 -0.115 -2.330 -0.377
2.2 -0.382 -0.071  0.094  0.708 -0.417  1.673 -1.953  0.912 -0.278  0.183  0.005 -0.277  0.034  5.563 -1.735  19.192 -45.642  26.767 -1.614  53.884 -0.115 -2.334 -0.376
2.21 -0.382 -0.071  0.094  0.432 -0.488  1.772 -1.935  0.691 -0.142  0.288 -0.003 -0.208 -0.008  5.569 -1.739  19.209 -45.662  26.775 -1.616  53.886 -0.115 -2.336 -0.376
2.22 -0.382 -0.070  0.094  0.274 -0.606  2.070 -2.198  0.641 -0.072  0.411 -0.010 -0.190 -0.041  5.573 -1.745  19.228 -45.682  26.781 -1.617  53.890 -0.115 -2.338 -0.376
2.23 -0.383 -0.070  0.094  5.152 -1.660  7.688 -9.593  5.681 -2.107  0.241  0.078 -1.739  0.416  5.600 -1.756  19.277 -45.741  26.813 -1.628  53.893 -0.114 -2.348 -0.374
2.24 -0.383 -0.070  0.094  1.410 -0.619  2.626 -3.179  1.684 -0.575  0.195  0.017 -0.513  0.094  5.632 -1.767  19.329 -45.805  26.850 -1.642  53.895 -0.114 -2.359 -0.372
2.25 -0.383 -0.070  0.095  0.741 -0.357  1.475 -1.783  0.918 -0.306  0.127  0.008 -0.278  0.046  5.643 -1.772  19.349 -45.830  26.863 -1.646  53.897 -0.114 -2.363 -0.371
2.26 -0.383 -0.070  0.095  0.440 -0.425  1.549 -1.766  0.706 -0.176  0.240 -0.001 -0.211  0.002  5.649 -1.776  19.364 -45.848  26.871 -1.648  53.899 -0.114 -2.366 -0.371
2.27 -0.383 -0.070  0.095  0.265 -0.551  1.867 -2.019  0.623 -0.086  0.370 -0.009 -0.183 -0.034  5.653 -1.781  19.382 -45.867  26.877 -1.650  53.902 -0.114 -2.368 -0.371
2.28 -0.383 -0.070  0.095  0.276 -0.620  2.092 -2.231  0.658 -0.076  0.416 -0.010 -0.194 -0.041  5.655 -1.787  19.401 -45.888  26.884 -1.650  53.906 -0.114 -2.370 -0.371
2.29 -0.383 -0.070  0.095  7.471 -1.665  8.669 -11.367  7.709 -3.101 -0.264  0.135 -2.368  0.703  5.694 -1.798  19.455 -45.956  26.926 -1.666  53.906 -0.113 -2.382 -0.368
2.3 -0.383 -0.070  0.095  1.654 -0.616  2.693 -3.339  1.903 -0.685  0.133  0.023 -0.579  0.126  5.740 -1.810  19.512 -46.029  26.974 -1.685  53.906 -0.113 -2.397 -0.364
2.31 -0.383 -0.069  0.095  0.416 -0.357  1.296 -1.580  0.716 -0.209  0.202  0.000 -0.210  0.006  5.750 -1.815  19.532 -46.054  26.987 -1.690  53.907 -0.112 -2.401 -0.363
2.32 -0.384 -0.069  0.095  0.109 -0.398  1.295 -1.404  0.404 -0.041  0.284 -0.008 -0.116 -0.034  5.753 -1.818  19.545 -46.069  26.992 -1.691  53.910 -0.112 -2.403 -0.363
2.33 -0.384 -0.069  0.095  0.012 -0.490  1.545 -1.574  0.330  0.032  0.364 -0.012 -0.095 -0.056  5.753 -1.823  19.559 -46.084  26.996 -1.691  53.913 -0.113 -2.404 -0.364
2.34 -0.384 -0.069  0.096  0.090 -0.540  1.739 -1.784  0.418  0.008  0.383 -0.012 -0.122 -0.051  5.754 -1.828  19.575 -46.100  27.000 -1.691  53.917 -0.113 -2.405 -0.364
2.35 -0.384 -0.069  0.096  0.287 -0.545  1.842 -1.963  0.601 -0.079  0.346 -0.007 -0.178 -0.028  5.756 -1.833  19.593 -46.119  27.005 -1.691  53.920 -0.113 -2.406 -0.365
2.36 -0.384 -0.069  0.096  0.479 -0.534  1.890 -2.089  0.774 -0.168  0.299 -0.002 -0.231 -0.004  5.759 -1.839  19.612 -46.139  27.012 -1.692  53.924 -0.113 -2.408 -0.365
2.37 -0.384 -0.069  0.096  0.617 -0.527  1.927 -2.183  0.899 -0.232  0.266  0.001 -0.270  0.014  5.765 -1.844  19.631 -46.161  27.020 -1.694  53.926 -0.113 -2.411 -0.365
2.38 -0.384 -0.069  0.096  0.710 -0.527  1.966 -2.261  0.987 -0.275  0.247  0.004 -0.296  0.025  5.772 -1.849  19.651 -46.183  27.030 -1.697  53.929 -0.113 -2.414 -0.365
2.39 -0.384 -0.069  0.096  10.623 -1.548  9.485 -13.716  10.815 -4.681 -0.991  0.215 -3.306  1.104  5.828 -1.860  19.708 -46.263  27.089 -1.722  53.925 -0.112 -2.432 -0.359
2.4 -0.384 -0.069  0.096  1.954 -0.641  2.858 -3.597  2.169 -0.809  0.072  0.031 -0.661  0.163  5.891 -1.871  19.770 -46.350  27.154 -1.749  53.921 -0.110 -2.452 -0.353
2.41 -0.384 -0.068  0.096  0.057 -0.443  1.413 -1.355  0.246  0.053  0.299 -0.009 -0.075 -0.042  5.901 -1.876  19.791 -46.374  27.166 -1.753  53.923 -0.110 -2.455 -0.352
2.42 -0.385 -0.068  0.096 -0.310 -0.406  1.129 -0.965 -0.081  0.198  0.351 -0.017  0.027 -0.082  5.900 -1.880  19.804 -46.386  27.166 -1.752  53.926 -0.110 -2.455 -0.353
2.43 -0.385 -0.068  0.096 -0.291 -0.407  1.132 -1.035 -0.007  0.162  0.357 -0.017  0.008 -0.081  5.897 -1.884  19.815 -46.396  27.166 -1.750  53.929 -0.111 -2.455 -0.354
2.44 -0.385 -0.068  0.097 -0.134 -0.414  1.220 -1.206  0.163  0.082  0.333 -0.014 -0.043 -0.063  5.895 -1.889  19.827 -46.407  27.167 -1.749  53.933 -0.111 -2.455 -0.354
2.45 -0.385 -0.068  0.097  0.048 -0.420  1.320 -1.367  0.324  0.006  0.299 -0.009 -0.093 -0.041  5.894 -1.893  19.839 -46.420  27.169 -1.748  53.936 -0.111 -2.456 -0.355
2.46 -0.385 -0.068  0.097  0.208 -0.425  1.407 -1.506  0.463 -0.060  0.268 -0.006 -0.136 -0.022  5.896 -1.897  19.853 -46.434  27.173 -1.749  53.939 -0.111 -2.457 -0.355
2.47 -0.385 -0.068  0.097  0.337 -0.430  1.478 -1.623  0.581 -0.116  0.244 -0.003 -0.172 -0.007  5.898 -1.901  19.867 -46.450  27.178 -1.749  53.941 -0.111 -2.459 -0.355
2.48 -0.385 -0.068  0.097  0.441 -0.434  1.534 -1.722  0.680 -0.163  0.225 -0.000 -0.202  0.005  5.902 -1.906  19.883 -46.467  27.185 -1.751  53.944 -0.111 -2.461 -0.355
2.49 -0.385 -0.068  0.097  0.527 -0.437  1.578 -1.801  0.761 -0.202  0.209  0.002 -0.227  0.015  5.907 -1.910  19.898 -46.484  27.192 -1.753  53.946 -0.111 -2.463 -0.355
2.5 -0.385 -0.068  0.097  0.599 -0.438  1.612 -1.862  0.827 -0.234  0.194  0.004 -0.248  0.024  5.913 -1.914  19.914 -46.503  27.200 -1.755  53.948 -0.111 -2.465 -0.355
2.51 -0.385 -0.068  0.097  0.658 -0.438  1.636 -1.909  0.881 -0.260  0.182  0.005 -0.264  0.031  5.919 -1.919  19.930 -46.521  27.208 -1.757  53.950 -0.111 -2.468 -0.355
2.52 -0.385 -0.068  0.097  0.705 -0.437  1.651 -1.943  0.923 -0.281  0.170  0.006 -0.277  0.038  5.926 -1.923  19.947 -46.541  27.217 -1.760  53.951 -0.111 -2.470 -0.354
2.53 -0.385 -0.067  0.097  0.743 -0.435  1.660 -1.966  0.956 -0.298  0.160  0.007 -0.287  0.042  5.933 -1.927  19.963 -46.560  27.227 -1.763  53.953 -0.111 -2.473 -0.354
2.54 -0.385 -0.067  0.097  0.773 -0.432  1.662 -1.980  0.981 -0.312  0.152  0.008 -0.295  0.047  5.941 -1.932  19.980 -46.580  27.236 -1.766  53.955 -0.111 -2.476 -0.353
2.55 -0.386 -0.067  0.097  0.796 -0.429  1.660 -1.987  1.000 -0.322  0.144  0.009 -0.301  0.050  5.949 -1.936  19.996 -46.600  27.246 -1.769  53.956 -0.111 -2.479 -0.353
2.56 -0.386 -0.067  0.097  0.812 -0.425  1.654 -1.987  1.012 -0.330  0.137  0.009 -0.305  0.052  5.957 -1.940  20.013 -46.620  27.256 -1.772  53.958 -0.111 -2.482 -0.353
2.57 -0.386 -0.067  0.097  0.825 -0.421  1.644 -1.982  1.021 -0.336  0.131  0.010 -0.307  0.054  5.965 -1.945  20.030 -46.640  27.267 -1.776  53.959 -0.111 -2.485 -0.352
2.58 -0.386 -0.067  0.098  0.832 -0.416  1.632 -1.972  1.025 -0.340  0.125  0.010 -0.308  0.056  5.973 -1.949  20.046 -46.659  27.277 -1.779  53.960 -0.110 -2.488 -0.351
2.59 -0.386 -0.067  0.098  0.837 -0.412  1.617 -1.959  1.026 -0.342  0.120  0.010 -0.309  0.057  5.981 -1.953  20.062 -46.679  27.287 -1.782  53.961 -0.110 -2.491 -0.351
2.6 -0.386 -0.067  0.098  0.838 -0.406  1.600 -1.943  1.024 -0.343  0.116  0.010 -0.308  0.058  5.990 -1.957  20.078 -46.698  27.297 -1.786  53.963 -0.110 -2.495 -0.350
2.61 -0.386 -0.067  0.098  0.837 -0.401  1.581 -1.924  1.019 -0.343  0.112  0.011 -0.307  0.059  5.998 -1.961  20.094 -46.718  27.308 -1.789  53.964 -0.110 -2.498 -0.350
2.62 -0.386 -0.067  0.098  0.834 -0.395  1.562 -1.903  1.013 -0.343  0.108  0.011 -0.305  0.059  6.006 -1.965  20.110 -46.737  27.318 -1.793  53.965 -0.110 -2.501 -0.349
2.63 -0.386 -0.067  0.098  0.830 -0.390  1.541 -1.880  1.005 -0.341  0.104  0.011 -0.302  0.059  6.015 -1.969  20.125 -46.756  27.328 -1.796  53.966 -0.110 -2.504 -0.349
2.64 -0.386 -0.067  0.098  0.823 -0.384  1.519 -1.856  0.996 -0.339  0.101  0.011 -0.300  0.059  6.023 -1.973  20.141 -46.775  27.338 -1.800  53.967 -0.110 -2.507 -0.348
2.65 -0.386 -0.067  0.098  0.816 -0.378  1.497 -1.831  0.986 -0.336  0.098  0.011 -0.297  0.059  6.031 -1.977  20.156 -46.793  27.348 -1.803  53.968 -0.110 -2.510 -0.347
2.66 -0.386 -0.067  0.098  0.808 -0.373  1.474 -1.805  0.974 -0.333  0.095  0.011 -0.293  0.059  6.039 -1.980  20.171 -46.811  27.358 -1.806  53.969 -0.110 -2.513 -0.347
2.67 -0.386 -0.067  0.098  0.799 -0.367  1.451 -1.778  0.962 -0.329  0.092  0.011 -0.289  0.058  6.047 -1.984  20.185 -46.829  27.367 -1.810  53.970 -0.109 -2.516 -0.346
2.68 -0.386 -0.067  0.098  0.789 -0.361  1.428 -1.751  0.949 -0.325  0.090  0.011 -0.286  0.058  6.055 -1.988  20.200 -46.847  27.377 -1.813  53.971 -0.109 -2.518 -0.346
2.69 -0.386 -0.066  0.098  0.778 -0.355  1.405 -1.724  0.936 -0.321  0.087  0.010 -0.282  0.057  6.063 -1.991  20.214 -46.864  27.386 -1.816  53.972 -0.109 -2.521 -0.345
2.7 -0.386 -0.066  0.098  0.768 -0.349  1.381 -1.696  0.923 -0.317  0.085  0.010 -0.277  0.057  6.071 -1.995  20.228 -46.881  27.395 -1.819  53.973 -0.109 -2.524 -0.344
2.71 -0.386 -0.066  0.098  0.757 -0.343  1.358 -1.668  0.909 -0.313  0.083  0.010 -0.273  0.056  6.079 -1.998  20.241 -46.898  27.405 -1.822  53.973 -0.109 -2.527 -0.344
2.72 -0.387 -0.066  0.098  0.745 -0.338  1.334 -1.640  0.895 -0.308  0.081  0.010 -0.269  0.055  6.086 -2.002  20.255 -46.915  27.414 -1.826  53.974 -0.109 -2.529 -0.343
2.73 -0.387 -0.066  0.098  0.734 -0.332  1.311 -1.612  0.881 -0.303  0.079  0.010 -0.265  0.055  6.093 -2.005  20.268 -46.931  27.423 -1.829  53.975 -0.109 -2.532 -0.343
2.74 -0.387 -0.066  0.098  0.722 -0.326  1.288 -1.585  0.867 -0.299  0.077  0.010 -0.260  0.054  6.101 -2.008  20.281 -46.947  27.431 -1.832  53.976 -0.109 -2.535 -0.342
2.75 -0.387 -0.066  0.098  0.710 -0.321  1.265 -1.557  0.853 -0.294  0.075  0.010 -0.256  0.053  6.108 -2.012  20.294 -46.963  27.440 -1.835  53.977 -0.109 -2.537 -0.342
2.76 -0.387 -0.066  0.099  0.699 -0.315  1.242 -1.530  0.838 -0.289  0.073  0.010 -0.252  0.052  6.115 -2.015  20.306 -46.978  27.448 -1.838  53.977 -0.109 -2.540 -0.341
2.77 -0.387 -0.066  0.099  0.687 -0.310  1.220 -1.503  0.824 -0.284  0.072  0.009 -0.247  0.052  6.122 -2.018  20.319 -46.993  27.457 -1.840  53.978 -0.108 -2.542 -0.341
2.78 -0.387 -0.066  0.099  0.675 -0.304  1.197 -1.476  0.810 -0.280  0.070  0.009 -0.243  0.051  6.129 -2.021  20.331 -47.008  27.465 -1.843  53.979 -0.108 -2.545 -0.340
2.79 -0.387 -0.066  0.099  0.664 -0.299  1.175 -1.449  0.796 -0.275  0.069  0.009 -0.239  0.050  6.135 -2.024  20.343 -47.023  27.473 -1.846  53.979 -0.108 -2.547 -0.340
2.8 -0.387 -0.066  0.099  0.652 -0.294  1.154 -1.423  0.782 -0.270  0.067  0.009 -0.235  0.049  6.142 -2.027  20.354 -47.037  27.481 -1.849  53.980 -0.108 -2.550 -0.339
2.81 -0.387 -0.066  0.099  0.640 -0.288  1.132 -1.397  0.768 -0.265  0.066  0.009 -0.231  0.049  6.148 -2.030  20.366 -47.051  27.488 -1.851  53.981 -0.108 -2.552 -0.339
2.82 -0.387 -0.066  0.099  0.629 -0.283  1.111 -1.371  0.755 -0.261  0.064  0.009 -0.226  0.048  6.155 -2.033  20.377 -47.065  27.496 -1.854  53.981 -0.108 -2.554 -0.338
2.83 -0.387 -0.066  0.099  0.618 -0.278  1.091 -1.346  0.741 -0.256  0.063  0.009 -0.222  0.047  6.161 -2.035  20.388 -47.079  27.504 -1.857  53.982 -0.108 -2.556 -0.338
2.84 -0.387 -0.066  0.099  0.607 -0.273  1.070 -1.321  0.728 -0.252  0.061  0.008 -0.218  0.046  6.167 -2.038  20.399 -47.092  27.511 -1.859  53.983 -0.108 -2.559 -0.337
2.85 -0.387 -0.066  0.099  0.596 -0.268  1.050 -1.296  0.714 -0.247  0.060  0.008 -0.214  0.045  6.173 -2.041  20.409 -47.105  27.518 -1.862  53.983 -0.108 -2.561 -0.337
2.86 -0.387 -0.066  0.099  0.585 -0.263  1.030 -1.272  0.701 -0.243  0.059  0.008 -0.210  0.045  6.179 -2.044  20.420 -47.118  27.525 -1.864  53.984 -0.108 -2.563 -0.336
2.87 -0.387 -0.066  0.099  0.574 -0.258  1.011 -1.248  0.689 -0.238  0.057  0.008 -0.206  0.044  6.185 -2.046  20.430 -47.130  27.532 -1.866  53.984 -0.108 -2.565 -0.336
2.88 -0.387 -0.066  0.099  0.563 -0.254  0.991 -1.225  0.676 -0.234  0.056  0.008 -0.203  0.043  6.190 -2.049  20.440 -47.143  27.539 -1.869  53.985 -0.107 -2.567 -0.335
2.89 -0.387 -0.066  0.099  0.553 -0.249  0.973 -1.202  0.663 -0.229  0.055  0.008 -0.199  0.042  6.196 -2.051  20.450 -47.155  27.546 -1.871  53.986 -0.107 -2.569 -0.335
2.9 -0.387 -0.066  0.099  0.543 -0.245  0.954 -1.179  0.651 -0.225  0.054  0.008 -0.195  0.042  6.202 -2.054  20.459 -47.167  27.552 -1.873  53.986 -0.107 -2.571 -0.335
2.91 -0.387 -0.066  0.099  0.533 -0.240  0.936 -1.157  0.639 -0.221  0.053  0.007 -0.192  0.041  6.207 -2.056  20.469 -47.178  27.559 -1.876  53.987 -0.107 -2.573 -0.334
2.92 -0.387 -0.066  0.099  0.523 -0.236  0.918 -1.135  0.627 -0.217  0.051  0.007 -0.188  0.040  6.212 -2.059  20.478 -47.190  27.565 -1.878  53.987 -0.107 -2.575 -0.334
2.93 -0.387 -0.065  0.099  0.513 -0.231  0.900 -1.113  0.615 -0.213  0.050  0.007 -0.184  0.039  6.217 -2.061  20.487 -47.201  27.571 -1.880  53.988 -0.107 -2.577 -0.333
2.94 -0.387 -0.065  0.099  0.503 -0.227  0.883 -1.092  0.604 -0.209  0.049  0.007 -0.181  0.039  6.222 -2.063  20.496 -47.212  27.577 -1.882  53.988 -0.107 -2.579 -0.333
2.95 -0.387 -0.065  0.099  0.494 -0.223  0.866 -1.071  0.593 -0.205  0.048  0.007 -0.177  0.038  6.227 -2.065  20.505 -47.223  27.583 -1.884  53.989 -0.107 -2.580 -0.333
2.96 -0.387 -0.065  0.099  0.484 -0.219  0.849 -1.051  0.581 -0.201  0.047  0.007 -0.174  0.037  6.232 -2.068  20.513 -47.234  27.589 -1.886  53.989 -0.107 -2.582 -0.332
2.97 -0.388 -0.065  0.099  0.475 -0.214  0.833 -1.030  0.570 -0.197  0.046  0.007 -0.171  0.037  6.237 -2.070  20.522 -47.244  27.595 -1.888  53.990 -0.107 -2.584 -0.332
2.98 -0.388 -0.065  0.099  0.466 -0.210  0.817 -1.011  0.560 -0.194  0.045  0.007 -0.168  0.036  6.242 -2.072  20.530 -47.254  27.601 -1.890  53.990 -0.107 -2.586 -0.331
2.99 -0.388 -0.065  0.099  0.457 -0.206  0.801 -0.991  0.549 -0.190  0.044  0.006 -0.164  0.035  6.246 -2.074  20.538 -47.264  27.606 -1.892  53.990 -0.107 -2.587 -0.331
3 -0.388 -0.065  0.099  0.448 -0.203  0.785 -0.972  0.539 -0.186  0.043  0.006 -0.161  0.035  6.251 -2.076  20.546 -47.274  27.612 -1.894  53.991 -0.107 -2.589 -0.331
3.01 -0.388 -0.065  0.099  0.440 -0.199  0.770 -0.953  0.528 -0.183  0.042  0.006 -0.158  0.034  6.255 -2.078  20.554 -47.284  27.617 -1.896  53.991 -0.107 -2.590 -0.330
3.02 -0.388 -0.065  0.099  0.431 -0.195  0.755 -0.935  0.518 -0.179  0.041  0.006 -0.155  0.033  6.260 -2.080  20.562 -47.293  27.622 -1.898  53.992 -0.107 -2.592 -0.330
3.03 -0.388 -0.065  0.099  0.423 -0.191  0.740 -0.917  0.508 -0.176  0.041  0.006 -0.152  0.033  6.264 -2.082  20.569 -47.302  27.627 -1.899  53.992 -0.106 -2.594 -0.330
3.04 -0.388 -0.065  0.100  0.415 -0.188  0.726 -0.899  0.498 -0.173  0.040  0.006 -0.149  0.032  6.268 -2.084  20.576 -47.311  27.632 -1.901  53.993 -0.106 -2.595 -0.329
3.05 -0.388 -0.065  0.100  0.407 -0.184  0.712 -0.881  0.489 -0.169  0.039  0.006 -0.146  0.032  6.272 -2.086  20.584 -47.320  27.637 -1.903  53.993 -0.106 -2.597 -0.329
3.06 -0.388 -0.065  0.100  0.399 -0.181  0.698 -0.864  0.480 -0.166  0.038  0.006 -0.143  0.031  6.276 -2.088  20.591 -47.329  27.642 -1.905  53.993 -0.106 -2.598 -0.329
3.07 -0.388 -0.065  0.100  0.391 -0.177  0.684 -0.847  0.470 -0.163  0.037  0.006 -0.141  0.030  6.280 -2.089  20.598 -47.338  27.647 -1.906  53.994 -0.106 -2.599 -0.328
3.08 -0.388 -0.065  0.100  0.384 -0.174  0.671 -0.831  0.461 -0.160  0.036  0.005 -0.138  0.030  6.284 -2.091  20.604 -47.346  27.652 -1.908  53.994 -0.106 -2.601 -0.328
3.09 -0.388 -0.065  0.100  0.376 -0.170  0.657 -0.815  0.452 -0.157  0.036  0.005 -0.135  0.029  6.288 -2.093  20.611 -47.354  27.656 -1.909  53.994 -0.106 -2.602 -0.328
3.1 -0.388 -0.065  0.100  0.369 -0.167  0.644 -0.799  0.444 -0.154  0.035  0.005 -0.133  0.029  6.292 -2.094  20.617 -47.362  27.661 -1.911  53.995 -0.106 -2.604 -0.328
3.11 -0.388 -0.065  0.100  0.362 -0.164  0.632 -0.783  0.435 -0.151  0.034  0.005 -0.130  0.028  6.295 -2.096  20.624 -47.370  27.665 -1.912  53.995 -0.106 -2.605 -0.327
3.12 -0.388 -0.065  0.100  0.355 -0.161  0.619 -0.768  0.426 -0.148  0.033  0.005 -0.127  0.028  6.299 -2.098  20.630 -47.378  27.669 -1.914  53.995 -0.106 -2.606 -0.327
3.13 -0.388 -0.065  0.100  0.348 -0.158  0.607 -0.752  0.418 -0.145  0.033  0.005 -0.125  0.027  6.302 -2.099  20.636 -47.386  27.673 -1.915  53.996 -0.106 -2.607 -0.327
3.14 -0.388 -0.065  0.100  0.341 -0.155  0.595 -0.738  0.410 -0.142  0.032  0.005 -0.123  0.027  6.306 -2.101  20.642 -47.393  27.678 -1.917  53.996 -0.106 -2.609 -0.326
3.15 -0.388 -0.065  0.100  0.334 -0.152  0.583 -0.723  0.402 -0.139  0.031  0.005 -0.120  0.026  6.309 -2.102  20.648 -47.400  27.682 -1.918  53.996 -0.106 -2.610 -0.326
3.16 -0.388 -0.065  0.100  0.328 -0.149  0.572 -0.709  0.394 -0.136  0.031  0.005 -0.118  0.026  6.313 -2.104  20.654 -47.407  27.686 -1.920  53.997 -0.106 -2.611 -0.326
3.17 -0.388 -0.065  0.100  0.321 -0.146  0.560 -0.695  0.386 -0.134  0.030  0.005 -0.115  0.025  6.316 -2.105  20.660 -47.415  27.690 -1.921  53.997 -0.106 -2.612 -0.326
3.18 -0.388 -0.065  0.100  0.315 -0.143  0.549 -0.681  0.379 -0.131  0.029  0.005 -0.113  0.025  6.319 -2.107  20.665 -47.421  27.693 -1.922  53.997 -0.106 -2.613 -0.325
3.19 -0.388 -0.065  0.100  0.309 -0.140  0.538 -0.668  0.371 -0.129  0.029  0.004 -0.111  0.024  6.322 -2.108  20.671 -47.428  27.697 -1.924  53.998 -0.106 -2.614 -0.325
3.2 -0.388 -0.065  0.100  0.303 -0.137  0.527 -0.654  0.364 -0.126  0.028  0.004 -0.109  0.024  6.325 -2.110  20.676 -47.435  27.701 -1.925  53.998 -0.106 -2.616 -0.325
3.21 -0.388 -0.065  0.100  0.297 -0.135  0.517 -0.641  0.357 -0.124  0.028  0.004 -0.107  0.023  6.328 -2.111  20.681 -47.441  27.704 -1.926  53.998 -0.106 -2.617 -0.325
3.22 -0.388 -0.065  0.100  0.291 -0.132  0.507 -0.629  0.350 -0.121  0.027  0.004 -0.105  0.023  6.331 -2.112  20.686 -47.448  27.708 -1.927  53.998 -0.105 -2.618 -0.325
3.23 -0.388 -0.065  0.100  0.285 -0.129  0.497 -0.616  0.343 -0.119  0.026  0.004 -0.102  0.022  6.334 -2.114  20.691 -47.454  27.711 -1.929  53.999 -0.105 -2.619 -0.324
3.24 -0.388 -0.065  0.100  0.279 -0.127  0.487 -0.604  0.336 -0.116  0.026  0.004 -0.100  0.022  6.337 -2.115  20.696 -47.460  27.715 -1.930  53.999 -0.105 -2.620 -0.324
3.25 -0.388 -0.065  0.100  0.274 -0.124  0.477 -0.592  0.330 -0.114  0.025  0.004 -0.098  0.021  6.340 -2.116  20.701 -47.466  27.718 -1.931  53.999 -0.105 -2.621 -0.324
3.26 -0.388 -0.065  0.100  0.269 -0.122  0.467 -0.580  0.323 -0.112  0.025  0.004 -0.096  0.021  6.342 -2.117  20.706 -47.472  27.721 -1.932  54.000 -0.105 -2.622 -0.324
3.27 -0.388 -0.065  0.100  0.263 -0.120  0.458 -0.568  0.317 -0.110  0.024  0.004 -0.095  0.021  6.345 -2.119  20.710 -47.477  27.725 -1.933  54.000 -0.105 -2.623 -0.323
3.28 -0.388 -0.065  0.100  0.258 -0.117  0.449 -0.557  0.310 -0.108  0.024  0.004 -0.093  0.020  6.348 -2.120  20.715 -47.483  27.728 -1.934  54.000 -0.105 -2.624 -0.323
3.29 -0.388 -0.065  0.100  0.253 -0.115  0.440 -0.546  0.304 -0.105  0.023  0.004 -0.091  0.020  6.350 -2.121  20.719 -47.489  27.731 -1.935  54.000 -0.105 -2.625 -0.323
3.3 -0.388 -0.065  0.100  0.248 -0.113  0.431 -0.535  0.298 -0.103  0.023  0.004 -0.089  0.019  6.353 -2.122  20.724 -47.494  27.734 -1.936  54.000 -0.105 -2.625 -0.323
3.31 -0.388 -0.065  0.100  0.243 -0.110  0.422 -0.524  0.292 -0.101  0.022  0.004 -0.087  0.019  6.355 -2.123  20.728 -47.499  27.737 -1.937  54.001 -0.105 -2.626 -0.323
3.32 -0.388 -0.065  0.100  0.238 -0.108  0.414 -0.514  0.286 -0.099  0.022  0.003 -0.085  0.019  6.358 -2.124  20.732 -47.504  27.740 -1.938  54.001 -0.105 -2.627 -0.322
3.33 -0.388 -0.065  0.100  0.233 -0.106  0.405 -0.503  0.281 -0.097  0.021  0.003 -0.084  0.018  6.360 -2.125  20.736 -47.510  27.743 -1.939  54.001 -0.105 -2.628 -0.322
3.34 -0.388 -0.065  0.100  0.229 -0.104  0.397 -0.493  0.275 -0.095  0.021  0.003 -0.082  0.018  6.362 -2.126  20.740 -47.515  27.745 -1.940  54.001 -0.105 -2.629 -0.322
3.35 -0.388 -0.065  0.100  0.224 -0.102  0.389 -0.483  0.270 -0.093  0.020  0.003 -0.080  0.018  6.364 -2.127  20.744 -47.519  27.748 -1.941  54.002 -0.105 -2.630 -0.322
3.36 -0.388 -0.065  0.100  0.219 -0.100  0.381 -0.473  0.264 -0.092  0.020  0.003 -0.079  0.017  6.367 -2.128  20.748 -47.524  27.751 -1.942  54.002 -0.105 -2.630 -0.322
3.37 -0.388 -0.065  0.100  0.215 -0.098  0.373 -0.464  0.259 -0.090  0.020  0.003 -0.077  0.017  6.369 -2.129  20.752 -47.529  27.753 -1.943  54.002 -0.105 -2.631 -0.322
3.38 -0.388 -0.065  0.100  0.211 -0.096  0.366 -0.454  0.254 -0.088  0.019  0.003 -0.076  0.017  6.371 -2.130  20.755 -47.533  27.756 -1.944  54.002 -0.105 -2.632 -0.321
3.39 -0.388 -0.064  0.100  0.206 -0.094  0.358 -0.445  0.249 -0.086  0.019  0.003 -0.074  0.016  6.373 -2.131  20.759 -47.538  27.758 -1.945  54.002 -0.105 -2.633 -0.321
3.4 -0.388 -0.064  0.100  0.202 -0.092  0.351 -0.436  0.244 -0.084  0.018  0.003 -0.073  0.016  6.375 -2.132  20.763 -47.542  27.761 -1.946  54.003 -0.105 -2.633 -0.321
3.41 -0.388 -0.064  0.100  0.198 -0.090  0.344 -0.427  0.239 -0.083  0.018  0.003 -0.071  0.016  6.377 -2.133  20.766 -47.547  27.763 -1.946  54.003 -0.105 -2.634 -0.321
3.42 -0.388 -0.064  0.100  0.194 -0.088  0.337 -0.419  0.234 -0.081  0.018  0.003 -0.070  0.015  6.379 -2.134  20.769 -47.551  27.766 -1.947  54.003 -0.105 -2.635 -0.321
3.43 -0.388 -0.064  0.100  0.190 -0.087  0.330 -0.410  0.229 -0.079  0.017  0.003 -0.068  0.015  6.381 -2.135  20.773 -47.555  27.768 -1.948  54.003 -0.105 -2.636 -0.321
3.44 -0.388 -0.064  0.100  0.186 -0.085  0.323 -0.402  0.224 -0.078  0.017  0.003 -0.067  0.015  6.383 -2.136  20.776 -47.559  27.770 -1.949  54.003 -0.105 -2.636 -0.320
3.45 -0.388 -0.064  0.100  0.183 -0.083  0.317 -0.394  0.220 -0.076  0.016  0.003 -0.066  0.014  6.385 -2.137  20.779 -47.563  27.772 -1.950  54.003 -0.105 -2.637 -0.320
3.46 -0.388 -0.064  0.100  0.179 -0.081  0.310 -0.386  0.215 -0.075  0.016  0.003 -0.064  0.014  6.387 -2.138  20.782 -47.567  27.775 -1.950  54.004 -0.105 -2.638 -0.320
3.47 -0.388 -0.064  0.100  0.175 -0.080  0.304 -0.378  0.211 -0.073  0.016  0.003 -0.063  0.014  6.388 -2.138  20.785 -47.571  27.777 -1.951  54.004 -0.105 -2.638 -0.320
3.48 -0.388 -0.064  0.100  0.172 -0.078  0.298 -0.370  0.207 -0.072  0.015  0.003 -0.062  0.014  6.390 -2.139  20.788 -47.575  27.779 -1.952  54.004 -0.105 -2.639 -0.320
3.49 -0.389 -0.064  0.100  0.168 -0.077  0.292 -0.362  0.203 -0.070  0.015  0.002 -0.060  0.013  6.392 -2.140  20.791 -47.578  27.781 -1.953  54.004 -0.105 -2.639 -0.320
3.5 -0.389 -0.064  0.100  0.165 -0.075  0.286 -0.355  0.198 -0.069  0.015  0.002 -0.059  0.013  6.393 -2.141  20.794 -47.582  27.783 -1.953  54.004 -0.105 -2.640 -0.320
3.51 -0.389 -0.064  0.100  0.161 -0.074  0.280 -0.348  0.194 -0.067  0.014  0.002 -0.058  0.013  6.395 -2.141  20.797 -47.585  27.785 -1.954  54.004 -0.105 -2.641 -0.320
3.52 -0.389 -0.064  0.100  0.158 -0.072  0.274 -0.341  0.190 -0.066  0.014  0.002 -0.057  0.013  6.397 -2.142  20.800 -47.589  27.787 -1.955  54.004 -0.105 -2.641 -0.319
3.53 -0.389 -0.064  0.100  0.155 -0.071  0.268 -0.334  0.187 -0.065  0.014  0.002 -0.056  0.012  6.398 -2.143  20.803 -47.592  27.789 -1.955  54.005 -0.105 -2.642 -0.319
3.54 -0.389 -0.064  0.100  0.152 -0.069  0.263 -0.327  0.183 -0.063  0.014  0.002 -0.054  0.012  6.400 -2.144  20.805 -47.595  27.790 -1.956  54.005 -0.104 -2.642 -0.319
3.55 -0.389 -0.064  0.100  0.149 -0.068  0.257 -0.320  0.179 -0.062  0.013  0.002 -0.053  0.012  6.401 -2.144  20.808 -47.599  27.792 -1.957  54.005 -0.104 -2.643 -0.319
3.56 -0.389 -0.064  0.100  0.146 -0.066  0.252 -0.313  0.175 -0.061  0.013  0.002 -0.052  0.012  6.403 -2.145  20.810 -47.602  27.794 -1.957  54.005 -0.104 -2.643 -0.319
3.57 -0.389 -0.064  0.100  0.143 -0.065  0.247 -0.307  0.172 -0.060  0.013  0.002 -0.051  0.011  6.404 -2.146  20.813 -47.605  27.796 -1.958  54.005 -0.104 -2.644 -0.319
3.58 -0.389 -0.064  0.100  0.140 -0.064  0.242 -0.301  0.168 -0.058  0.012  0.002 -0.050  0.011  6.406 -2.146  20.815 -47.608  27.797 -1.958  54.005 -0.104 -2.644 -0.319
3.59 -0.389 -0.064  0.100  0.137 -0.062  0.237 -0.294  0.165 -0.057  0.012  0.002 -0.049  0.011  6.407 -2.147  20.818 -47.611  27.799 -1.959  54.005 -0.104 -2.645 -0.319
3.6 -0.389 -0.064  0.100  0.134 -0.061  0.232 -0.288  0.161 -0.056  0.012  0.002 -0.048  0.011  6.408 -2.147  20.820 -47.614  27.801 -1.959  54.006 -0.104 -2.645 -0.318
3.61 -0.389 -0.064  0.100  0.131 -0.060  0.227 -0.282  0.158 -0.055  0.012  0.002 -0.047  0.010  6.410 -2.148  20.822 -47.617  27.802 -1.960  54.006 -0.104 -2.646 -0.318
3.62 -0.389 -0.064  0.100  0.129 -0.059  0.222 -0.277  0.155 -0.054  0.011  0.002 -0.046  0.010  6.411 -2.149  20.825 -47.620  27.804 -1.961  54.006 -0.104 -2.646 -0.318
3.63 -0.389 -0.064  0.100  0.126 -0.057  0.218 -0.271  0.152 -0.053  0.011  0.002 -0.045  0.010  6.412 -2.149  20.827 -47.622  27.805 -1.961  54.006 -0.104 -2.647 -0.318
3.64 -0.389 -0.064  0.100  0.123 -0.056  0.213 -0.265  0.149 -0.051  0.011  0.002 -0.044  0.010  6.413 -2.150  20.829 -47.625  27.807 -1.962  54.006 -0.104 -2.647 -0.318
3.65 -0.389 -0.064  0.100  0.121 -0.055  0.209 -0.260  0.145 -0.050  0.011  0.002 -0.043  0.010  6.415 -2.150  20.831 -47.628  27.808 -1.962  54.006 -0.104 -2.648 -0.318
3.66 -0.389 -0.064  0.100  0.118 -0.054  0.204 -0.254  0.142 -0.049  0.010  0.002 -0.042  0.009  6.416 -2.151  20.833 -47.630  27.810 -1.963  54.006 -0.104 -2.648 -0.318
3.67 -0.389 -0.064  0.100  0.116 -0.053  0.200 -0.249  0.139 -0.048  0.010  0.002 -0.042  0.009  6.417 -2.151  20.835 -47.633  27.811 -1.963  54.006 -0.104 -2.649 -0.318
3.68 -0.389 -0.064  0.100  0.113 -0.052  0.196 -0.244  0.137 -0.047  0.010  0.002 -0.041  0.009  6.418 -2.152  20.837 -47.635  27.813 -1.964  54.006 -0.104 -2.649 -0.318
3.69 -0.389 -0.064  0.100  0.111 -0.051  0.192 -0.239  0.134 -0.046  0.010  0.002 -0.040  0.009  6.419 -2.152  20.839 -47.638  27.814 -1.964  54.006 -0.104 -2.649 -0.318
3.7 -0.389 -0.064  0.100  0.109 -0.050  0.188 -0.234  0.131 -0.045  0.010  0.002 -0.039  0.009  6.420 -2.153  20.841 -47.640  27.815 -1.965  54.007 -0.104 -2.650 -0.317
3.71 -0.389 -0.064  0.100  0.107 -0.049  0.184 -0.229  0.128 -0.044  0.009  0.002 -0.038  0.008  6.421 -2.153  20.843 -47.642  27.817 -1.965  54.007 -0.104 -2.650 -0.317
3.72 -0.389 -0.064  0.100  0.104 -0.048  0.180 -0.224  0.126 -0.044  0.009  0.002 -0.037  0.008  6.422 -2.154  20.845 -47.644  27.818 -1.965  54.007 -0.104 -2.650 -0.317
3.73 -0.389 -0.064  0.100  0.102 -0.047  0.176 -0.220  0.123 -0.043  0.009  0.001 -0.037  0.008  6.424 -2.154  20.846 -47.647  27.819 -1.966  54.007 -0.104 -2.651 -0.317
3.74 -0.389 -0.064  0.100  0.100 -0.046  0.173 -0.215  0.120 -0.042  0.009  0.001 -0.036  0.008  6.425 -2.155  20.848 -47.649  27.820 -1.966  54.007 -0.104 -2.651 -0.317
3.75 -0.389 -0.064  0.101  0.098 -0.045  0.169 -0.210  0.118 -0.041  0.009  0.001 -0.035  0.008  6.426 -2.155  20.850 -47.651  27.822 -1.967  54.007 -0.104 -2.652 -0.317
3.76 -0.389 -0.064  0.101  0.096 -0.044  0.166 -0.206  0.115 -0.040  0.008  0.001 -0.034  0.008  6.426 -2.156  20.852 -47.653  27.823 -1.967  54.007 -0.104 -2.652 -0.317
3.77 -0.389 -0.064  0.101  0.094 -0.043  0.162 -0.202  0.113 -0.039  0.008  0.001 -0.034  0.007  6.427 -2.156  20.853 -47.655  27.824 -1.968  54.007 -0.104 -2.652 -0.317
3.78 -0.389 -0.064  0.101  0.092 -0.042  0.159 -0.198  0.111 -0.038  0.008  0.001 -0.033  0.007  6.428 -2.157  20.855 -47.657  27.825 -1.968  54.007 -0.104 -2.653 -0.317
3.79 -0.389 -0.064  0.101  0.090 -0.041  0.155 -0.193  0.108 -0.038  0.008  0.001 -0.032  0.007  6.429 -2.157  20.856 -47.659  27.826 -1.968  54.007 -0.104 -2.653 -0.317
3.8 -0.389 -0.064  0.101  0.088 -0.040  0.152 -0.189  0.106 -0.037  0.008  0.001 -0.032  0.007  6.430 -2.157  20.858 -47.661  27.827 -1.969  54.007 -0.104 -2.653 -0.317
3.81 -0.389 -0.064  0.101  0.086 -0.039  0.149 -0.185  0.104 -0.036  0.008  0.001 -0.031  0.007  6.431 -2.158  20.859 -47.663  27.828 -1.969  54.008 -0.104 -2.654 -0.317
3.82 -0.389 -0.064  0.101  0.084 -0.038  0.146 -0.181  0.102 -0.035  0.007  0.001 -0.030  0.007  6.432 -2.158  20.861 -47.665  27.829 -1.969  54.008 -0.104 -2.654 -0.317
3.83 -0.389 -0.064  0.101  0.083 -0.038  0.143 -0.178  0.100 -0.035  0.007  0.001 -0.030  0.007  6.433 -2.159  20.862 -47.666  27.830 -1.970  54.008 -0.104 -2.654 -0.317
3.84 -0.389 -0.064  0.101  0.081 -0.037  0.140 -0.174  0.098 -0.034  0.007  0.001 -0.029  0.006  6.434 -2.159  20.864 -47.668  27.831 -1.970  54.008 -0.104 -2.654 -0.316
3.85 -0.389 -0.064  0.101  0.079 -0.036  0.137 -0.170  0.095 -0.033  0.007  0.001 -0.028  0.006  6.434 -2.159  20.865 -47.670  27.832 -1.970  54.008 -0.104 -2.655 -0.316
3.86 -0.389 -0.064  0.101  0.078 -0.035  0.134 -0.167  0.093 -0.032  0.007  0.001 -0.028  0.006  6.435 -2.160  20.867 -47.672  27.833 -1.971  54.008 -0.104 -2.655 -0.316
3.87 -0.389 -0.064  0.101  0.076 -0.035  0.131 -0.163  0.092 -0.032  0.007  0.001 -0.027  0.006  6.436 -2.160  20.868 -47.673  27.834 -1.971  54.008 -0.104 -2.655 -0.316
3.88 -0.389 -0.064  0.101  0.074 -0.034  0.128 -0.160  0.090 -0.031  0.006  0.001 -0.027  0.006  6.437 -2.160  20.869 -47.675  27.835 -1.971  54.008 -0.104 -2.656 -0.316
3.89 -0.389 -0.064  0.101  0.073 -0.033  0.126 -0.156  0.088 -0.030  0.006  0.001 -0.026  0.006  6.437 -2.161  20.870 -47.677  27.836 -1.972  54.008 -0.104 -2.656 -0.316
3.9 -0.389 -0.064  0.101  0.071 -0.032  0.123 -0.153  0.086 -0.030  0.006  0.001 -0.026  0.006  6.438 -2.161  20.872 -47.678  27.837 -1.972  54.008 -0.104 -2.656 -0.316
3.91 -0.389 -0.064  0.101  0.070 -0.032  0.120 -0.150  0.084 -0.029  0.006  0.001 -0.025  0.006  6.439 -2.161  20.873 -47.680  27.838 -1.972  54.008 -0.104 -2.656 -0.316
3.92 -0.389 -0.064  0.101  0.068 -0.031  0.118 -0.147  0.082 -0.029  0.006  0.001 -0.025  0.005  6.440 -2.162  20.874 -47.681  27.838 -1.973  54.008 -0.104 -2.657 -0.316
3.93 -0.389 -0.064  0.101  0.067 -0.030  0.115 -0.144  0.081 -0.028  0.006  0.001 -0.024  0.005  6.440 -2.162  20.875 -47.682  27.839 -1.973  54.008 -0.104 -2.657 -0.316
3.94 -0.389 -0.064  0.101  0.065 -0.030  0.113 -0.140  0.079 -0.027  0.006  0.001 -0.023  0.005  6.441 -2.162  20.876 -47.684  27.840 -1.973  54.008 -0.104 -2.657 -0.316
3.95 -0.389 -0.064  0.101  0.064 -0.029  0.110 -0.138  0.077 -0.027  0.006  0.001 -0.023  0.005  6.442 -2.163  20.877 -47.685  27.841 -1.973  54.008 -0.104 -2.657 -0.316
3.96 -0.389 -0.064  0.101  0.063 -0.029  0.108 -0.135  0.076 -0.026  0.005  0.001 -0.023  0.005  6.442 -2.163  20.879 -47.687  27.842 -1.974  54.008 -0.104 -2.658 -0.316
3.97 -0.389 -0.064  0.101  0.061 -0.028  0.106 -0.132  0.074 -0.026  0.005  0.001 -0.022  0.005  6.443 -2.163  20.880 -47.688  27.842 -1.974  54.009 -0.104 -2.658 -0.316
3.98 -0.389 -0.064  0.101  0.060 -0.027  0.104 -0.129  0.072 -0.025  0.005  0.001 -0.022  0.005  6.443 -2.163  20.881 -47.689  27.843 -1.974  54.009 -0.104 -2.658 -0.316
3.99 -0.389 -0.064  0.101  0.059 -0.027  0.101 -0.126  0.071 -0.025  0.005  0.001 -0.021  0.005  6.444 -2.164  20.882 -47.691  27.844 -1.974  54.009 -0.104 -2.658 -0.316
4 -0.389 -0.064  0.101  0.058 -0.026  0.099 -0.124  0.069 -0.024  0.005  0.001 -0.021  0.005  6.445 -2.164  20.883 -47.692  27.844 -1.975  54.009 -0.104 -2.658 -0.316
4.01 -0.389 -0.064  0.101  0.056 -0.026  0.097 -0.121  0.068 -0.024  0.005  0.001 -0.020  0.005  6.445 -2.164  20.884 -47.693  27.845 -1.975  54.009 -0.104 -2.659 -0.316
4.02 -0.389 -0.064  0.101  0.055 -0.025  0.095 -0.118  0.066 -0.023  0.005  0.001 -0.020  0.004  6.446 -2.164  20.885 -47.694  27.846 -1.975  54.009 -0.104 -2.659 -0.315
4.03 -0.389 -0.064  0.101  0.054 -0.025  0.093 -0.116  0.065 -0.023  0.005  0.001 -0.019  0.004  6.446 -2.165  20.886 -47.695  27.846 -1.975  54.009 -0.104 -2.659 -0.315
4.04 -0.389 -0.064  0.101  0.053 -0.024  0.091 -0.113  0.064 -0.022  0.005  0.001 -0.019  0.004  6.447 -2.165  20.887 -47.697  27.847 -1.976  54.009 -0.104 -2.659 -0.315
4.05 -0.389 -0.064  0.101  0.052 -0.024  0.089 -0.111  0.062 -0.022  0.004  0.001 -0.019  0.004  6.447 -2.165  20.887 -47.698  27.848 -1.976  54.009 -0.104 -2.659 -0.315
4.06 -0.389 -0.064  0.101  0.051 -0.023  0.087 -0.109  0.061 -0.021  0.004  0.001 -0.018  0.004  6.448 -2.165  20.888 -47.699  27.848 -1.976  54.009 -0.104 -2.660 -0.315
4.07 -0.389 -0.064  0.101  0.050 -0.023  0.085 -0.106  0.060 -0.021  0.004  0.001 -0.018  0.004  6.448 -2.166  20.889 -47.700  27.849 -1.976  54.009 -0.104 -2.660 -0.315
4.08 -0.389 -0.064  0.101  0.048 -0.022  0.083 -0.104  0.058 -0.020  0.004  0.001 -0.017  0.004  6.449 -2.166  20.890 -47.701  27.850 -1.976  54.009 -0.104 -2.660 -0.315
4.09 -0.389 -0.064  0.101  0.047 -0.022  0.082 -0.102  0.057 -0.020  0.004  0.001 -0.017  0.004  6.449 -2.166  20.891 -47.702  27.850 -1.977  54.009 -0.104 -2.660 -0.315
4.1 -0.389 -0.064  0.101  0.046 -0.021  0.080 -0.100  0.056 -0.019  0.004  0.001 -0.017  0.004  6.450 -2.166  20.892 -47.703  27.851 -1.977  54.009 -0.104 -2.660 -0.315
4.11 -0.389 -0.064  0.101  0.045 -0.021  0.078 -0.097  0.055 -0.019  0.004  0.001 -0.016  0.004  6.450 -2.167  20.892 -47.704  27.851 -1.977  54.009 -0.104 -2.660 -0.315
4.12 -0.389 -0.064  0.101  0.044 -0.020  0.077 -0.095  0.054 -0.019  0.004  0.001 -0.016  0.004  6.451 -2.167  20.893 -47.705  27.852 -1.977  54.009 -0.104 -2.661 -0.315
4.13 -0.389 -0.064  0.101  0.044 -0.020  0.075 -0.093  0.052 -0.018  0.004  0.001 -0.016  0.003  6.451 -2.167  20.894 -47.706  27.852 -1.977  54.009 -0.104 -2.661 -0.315
4.14 -0.389 -0.064  0.101  0.043 -0.019  0.073 -0.091  0.051 -0.018  0.004  0.001 -0.015  0.003  6.452 -2.167  20.895 -47.707  27.853 -1.978  54.009 -0.104 -2.661 -0.315
4.15 -0.389 -0.064  0.101  0.042 -0.019  0.072 -0.089  0.050 -0.017  0.004  0.001 -0.015  0.003  6.452 -2.167  20.895 -47.708  27.853 -1.978  54.009 -0.104 -2.661 -0.315
4.16 -0.389 -0.064  0.101  0.041 -0.019  0.070 -0.087  0.049 -0.017  0.003  0.001 -0.015  0.003  6.452 -2.167  20.896 -47.709  27.854 -1.978  54.009 -0.104 -2.661 -0.315
4.17 -0.389 -0.064  0.101  0.040 -0.018  0.069 -0.086  0.048 -0.017  0.003  0.001 -0.014  0.003  6.453 -2.168  20.897 -47.709  27.854 -1.978  54.009 -0.104 -2.661 -0.315
4.18 -0.389 -0.064  0.101  0.039 -0.018  0.067 -0.084  0.047 -0.016  0.003  0.001 -0.014  0.003  6.453 -2.168  20.898 -47.710  27.855 -1.978  54.009 -0.104 -2.661 -0.315
4.19 -0.389 -0.064  0.101  0.038 -0.017  0.066 -0.082  0.046 -0.016  0.003  0.001 -0.014  0.003  6.454 -2.168  20.898 -47.711  27.855 -1.978  54.009 -0.104 -2.662 -0.315
4.2 -0.389 -0.064  0.101  0.037 -0.017  0.064 -0.080  0.045 -0.016  0.003  0.001 -0.013  0.003  6.454 -2.168  20.899 -47.712  27.856 -1.979  54.009 -0.104 -2.662 -0.315
4.21 -0.389 -0.064  0.101  0.037 -0.017  0.063 -0.078  0.044 -0.015  0.003  0.001 -0.013  0.003  6.454 -2.168  20.899 -47.713  27.856 -1.979  54.010 -0.104 -2.662 -0.315
4.22 -0.389 -0.064  0.101  0.036 -0.016  0.062 -0.077  0.043 -0.015  0.003  0.001 -0.013  0.003  6.455 -2.169  20.900 -47.713  27.857 -1.979  54.010 -0.104 -2.662 -0.315
4.23 -0.389 -0.064  0.101  0.035 -0.016  0.060 -0.075  0.042 -0.015  0.003  0.001 -0.013  0.003  6.455 -2.169  20.901 -47.714  27.857 -1.979  54.010 -0.104 -2.662 -0.315
4.24 -0.389 -0.064  0.101  0.034 -0.016  0.059 -0.073  0.041 -0.014  0.003  0.001 -0.012  0.003  6.455 -2.169  20.901 -47.715  27.857 -1.979  54.010 -0.104 -2.662 -0.315
4.25 -0.389 -0.064  0.101  0.034 -0.015  0.058 -0.072  0.040 -0.014  0.003  0.000 -0.012  0.003  6.456 -2.169  20.902 -47.716  27.858 -1.979  54.010 -0.104 -2.662 -0.315
4.26 -0.389 -0.064  0.101  0.033 -0.015  0.056 -0.070  0.040 -0.014  0.003  0.000 -0.012  0.003  6.456 -2.169  20.902 -47.716  27.858 -1.979  54.010 -0.104 -2.663 -0.315
4.27 -0.389 -0.064  0.101  0.032 -0.015  0.055 -0.069  0.039 -0.013  0.003  0.000 -0.012  0.003  6.456 -2.169  20.903 -47.717  27.859 -1.980  54.010 -0.104 -2.663 -0.315
4.28 -0.389 -0.064  0.101  0.031 -0.014  0.054 -0.067  0.038 -0.013  0.003  0.000 -0.011  0.003  6.457 -2.169  20.904 -47.718  27.859 -1.980  54.010 -0.104 -2.663 -0.315
4.29 -0.389 -0.064  0.101  0.031 -0.014  0.053 -0.066  0.037 -0.013  0.003  0.000 -0.011  0.002  6.457 -2.170  20.904 -47.718  27.859 -1.980  54.010 -0.104 -2.663 -0.315
4.3 -0.389 -0.064  0.101  0.030 -0.014  0.052 -0.064  0.036 -0.013  0.003  0.000 -0.011  0.002  6.457 -2.170  20.905 -47.719  27.860 -1.980  54.010 -0.104 -2.663 -0.315
4.31 -0.389 -0.064  0.101  0.029 -0.013  0.051 -0.063  0.035 -0.012  0.003  0.000 -0.011  0.002  6.458 -2.170  20.905 -47.720  27.860 -1.980  54.010 -0.104 -2.663 -0.315
4.32 -0.389 -0.064  0.101  0.029 -0.013  0.049 -0.062  0.035 -0.012  0.002  0.000 -0.010  0.002  6.458 -2.170  20.906 -47.720  27.860 -1.980  54.010 -0.104 -2.663 -0.315
4.33 -0.389 -0.064  0.101  0.028 -0.013  0.048 -0.060  0.034 -0.012  0.002  0.000 -0.010  0.002  6.458 -2.170  20.906 -47.721  27.861 -1.980  54.010 -0.104 -2.663 -0.314
4.34 -0.389 -0.064  0.101  0.028 -0.013  0.047 -0.059  0.033 -0.012  0.002  0.000 -0.010  0.002  6.458 -2.170  20.907 -47.722  27.861 -1.980  54.010 -0.104 -2.663 -0.314
4.35 -0.389 -0.064  0.101  0.027 -0.012  0.046 -0.058  0.032 -0.011  0.002  0.000 -0.010  0.002  6.459 -2.170  20.907 -47.722  27.862 -1.981  54.010 -0.104 -2.663 -0.314
4.36 -0.389 -0.064  0.101  0.026 -0.012  0.045 -0.057  0.032 -0.011  0.002  0.000 -0.009  0.002  6.459 -2.170  20.908 -47.723  27.862 -1.981  54.010 -0.104 -2.664 -0.314
4.37 -0.389 -0.064  0.101  0.026 -0.012  0.044 -0.055  0.031 -0.011  0.002  0.000 -0.009  0.002  6.459 -2.171  20.908 -47.723  27.862 -1.981  54.010 -0.104 -2.664 -0.314
4.38 -0.389 -0.064  0.101  0.025 -0.011  0.043 -0.054  0.030 -0.011  0.002  0.000 -0.009  0.002  6.459 -2.171  20.908 -47.724  27.862 -1.981  54.010 -0.104 -2.664 -0.314
4.39 -0.389 -0.064  0.101  0.025 -0.011  0.042 -0.053  0.030 -0.010  0.002  0.000 -0.009  0.002  6.460 -2.171  20.909 -47.724  27.863 -1.981  54.010 -0.104 -2.664 -0.314
4.4 -0.389 -0.064  0.101  0.024 -0.011  0.042 -0.052  0.029 -0.010  0.002  0.000 -0.009  0.002  6.460 -2.171  20.909 -47.725  27.863 -1.981  54.010 -0.104 -2.664 -0.314
4.41 -0.389 -0.064  0.101  0.024 -0.011  0.041 -0.051  0.028 -0.010  0.002  0.000 -0.008  0.002  6.460 -2.171  20.910 -47.725  27.863 -1.981  54.010 -0.104 -2.664 -0.314
4.42 -0.389 -0.064  0.101  0.023 -0.011  0.040 -0.050  0.028 -0.010  0.002  0.000 -0.008  0.002  6.460 -2.171  20.910 -47.726  27.864 -1.981  54.010 -0.104 -2.664 -0.314
4.43 -0.389 -0.064  0.101  0.023 -0.010  0.039 -0.048  0.027 -0.009  0.002  0.000 -0.008  0.002  6.461 -2.171  20.910 -47.726  27.864 -1.981  54.010 -0.104 -2.664 -0.314
4.44 -0.389 -0.064  0.101  0.022 -0.010  0.038 -0.047  0.027 -0.009  0.002  0.000 -0.008  0.002  6.461 -2.171  20.911 -47.727  27.864 -1.981  54.010 -0.104 -2.664 -0.314
4.45 -0.389 -0.064  0.101  0.022 -0.010  0.037 -0.046  0.026 -0.009  0.002  0.000 -0.008  0.002  6.461 -2.171  20.911 -47.727  27.864 -1.982  54.010 -0.104 -2.664 -0.314
4.46 -0.389 -0.064  0.101  0.021 -0.010  0.036 -0.045  0.026 -0.009  0.002  0.000 -0.008  0.002  6.461 -2.172  20.912 -47.728  27.865 -1.982  54.010 -0.104 -2.664 -0.314
4.47 -0.389 -0.064  0.101  0.021 -0.009  0.036 -0.044  0.025 -0.009  0.002  0.000 -0.007  0.002  6.462 -2.172  20.912 -47.728  27.865 -1.982  54.010 -0.104 -2.664 -0.314
4.48 -0.389 -0.064  0.101  0.020 -0.009  0.035 -0.043  0.024 -0.008  0.002  0.000 -0.007  0.002  6.462 -2.172  20.912 -47.729  27.865 -1.982  54.010 -0.104 -2.665 -0.314
4.49 -0.389 -0.064  0.101  0.020 -0.009  0.034 -0.042  0.024 -0.008  0.002  0.000 -0.007  0.002  6.462 -2.172  20.913 -47.729  27.865 -1.982  54.010 -0.104 -2.665 -0.314
4.5 -0.389 -0.064  0.101  0.019 -0.009  0.033 -0.042  0.023 -0.008  0.002  0.000 -0.007  0.002  6.462 -2.172  20.913 -47.730  27.866 -1.982  54.010 -0.104 -2.665 -0.314
